
> onetaskfocuser@1.0.0 dev
> vite --host 127.0.0.1 --port 4304


  [32m[1mVITE[22m v6.4.1[39m  [2mready in [0m[1m337[22m[2m[0m ms[22m

  [32m➜[39m  [1mLocal[22m:   [36mhttp://127.0.0.1:[1m4304[22m/[39m
[2m6:24:16 PM[22m [36m[1m[vite][22m[39m [90m[2m(client)[22m[39m [32m✨ new dependencies optimized: [33mreact-dom/client, firebase/compat/app, firebase/compat/auth, firebase/compat/firestore[32m[39m
[2m6:24:16 PM[22m [36m[1m[vite][22m[39m [90m[2m(client)[22m[39m [32m✨ optimized dependencies changed. reloading[39m
[2m6:30:00 PM[22m [36m[1m[vite][22m[39m [90m[2m(client)[22m[39m [32mhmr update [39m[2m/src/10-deskphone-web.jsx[22m
[2m6:43:08 PM[22m [36m[1m[vite][22m[39m [90m[2m(client)[22m[39m [32mhmr update [39m[2m/src/08-app-split/components/ConvCapture.jsx[22m
[2m11:17:18 PM[22m [36m[1m[vite][22m[39m [90m[2m(client)[22m[39m [32mhmr update [39m[2m/src/10-deskphone-web.jsx[22m
[2m11:17:22 PM[22m [36m[1m[vite][22m[39m [90m[2m(client)[22m[39m [32mhmr update [39m[2m/src/10-deskphone-web.jsx[22m
[2m11:17:25 PM[22m [36m[1m[vite][22m[39m [90m[2m(client)[22m[39m [32mhmr update [39m[2m/src/10-deskphone-web.jsx[22m
[2m11:17:33 PM[22m [36m[1m[vite][22m[39m [90m[2m(client)[22m[39m [32mhmr update [39m[2m/src/10-deskphone-web.jsx[22m
[2m11:17:39 PM[22m [36m[1m[vite][22m[39m [90m[2m(client)[22m[39m [32mhmr update [39m[2m/src/10-deskphone-web.jsx[22m
[2m11:17:43 PM[22m [36m[1m[vite][22m[39m [90m[2m(client)[22m[39m [32mhmr update [39m[2m/src/10-deskphone-web.jsx[22m
[2m11:17:46 PM[22m [36m[1m[vite][22m[39m [90m[2m(client)[22m[39m [32mhmr update [39m[2m/src/10-deskphone-web.jsx[22m
[2m11:17:55 PM[22m [36m[1m[vite][22m[39m [90m[2m(client)[22m[39m [32mhmr update [39m[2m/src/10-deskphone-web.jsx[22m
[2m11:18:03 PM[22m [36m[1m[vite][22m[39m [90m[2m(client)[22m[39m [32mhmr update [39m[2m/src/10-deskphone-web.jsx[22m
[2m11:18:15 PM[22m [36m[1m[vite][22m[39m [90m[2m(client)[22m[39m [32mhmr update [39m[2m/src/10-deskphone-web.jsx[22m
[2m11:19:44 PM[22m [36m[1m[vite][22m[39m [90m[2m(client)[22m[39m [32mhmr update [39m[2m/src/10-deskphone-web.jsx[22m
[2m12:26:55 AM[22m [36m[1m[vite][22m[39m [90m[2m(client)[22m[39m [32mhmr update [39m[2m/src/08-app-split/components/NerveCenterPhoneSurface.jsx[22m
[2m12:27:08 AM[22m [36m[1m[vite][22m[39m [90m[2m(client)[22m[39m [32mhmr update [39m[2m/src/08-app-split/components/NerveCenterPhoneSurface.jsx[22m
[2m12:27:18 AM[22m [36m[1m[vite][22m[39m [90m[2m(client)[22m[39m [32mhmr update [39m[2m/src/08-app-split/components/NerveCenterPhoneSurface.jsx[22m
[2m12:27:24 AM[22m [36m[1m[vite][22m[39m [90m[2m(client)[22m[39m [32mhmr update [39m[2m/src/08-app-split/components/NerveCenterPhoneSurface.jsx[22m
[2m12:27:45 AM[22m [36m[1m[vite][22m[39m [90m[2m(client)[22m[39m [32mhmr update [39m[2m/src/08-app-split/components/NerveCenterPhoneSurface.jsx[22m
[2m12:27:57 AM[22m [36m[1m[vite][22m[39m [90m[2m(client)[22m[39m [32mhmr update [39m[2m/src/08-app-split/components/NerveCenterPhoneSurface.jsx[22m
[2m12:28:06 AM[22m [36m[1m[vite][22m[39m [90m[2m(client)[22m[39m [32mhmr update [39m[2m/src/08-app-split/components/NerveCenterPhoneSurface.jsx[22m
[2m12:28:16 AM[22m [36m[1m[vite][22m[39m [90m[2m(client)[22m[39m [32mhmr update [39m[2m/src/08-app-split/components/NerveCenterPhoneSurface.jsx[22m
[2m12:28:47 AM[22m [36m[1m[vite][22m[39m [90m[2m(client)[22m[39m [32mhmr update [39m[2m/src/08-app-split/components/NerveCenterPhoneSurface.jsx[22m
[2m12:28:58 AM[22m [36m[1m[vite][22m[39m [90m[2m(client)[22m[39m [32mhmr update [39m[2m/src/08-app-split/components/NerveCenterPhoneSurface.jsx[22m
[2m12:29:10 AM[22m [36m[1m[vite][22m[39m [90m[2m(client)[22m[39m [32mhmr update [39m[2m/src/08-app-split/components/NerveCenterPanel.jsx[22m
[2m12:29:26 AM[22m [36m[1m[vite][22m[39m [90m[2m(client)[22m[39m [32mhmr update [39m[2m/src/08-app-split/components/NerveCenterPanel.jsx[22m
[2m12:29:34 AM[22m [36m[1m[vite][22m[39m [90m[2m(client)[22m[39m [32mhmr update [39m[2m/src/08-app-split/components/NerveCenterPanel.jsx[22m
[2m12:29:40 AM[22m [36m[1m[vite][22m[39m [90m[2m(client)[22m[39m [32mhmr update [39m[2m/src/08-app-split/components/NerveCenterPanel.jsx[22m
[2m12:30:29 AM[22m [36m[1m[vite][22m[39m [90m[2m(client)[22m[39m [32mhmr update [39m[2m/src/08-app-split/components/NerveCenterPanel.jsx[22m
[2m12:31:40 AM[22m [36m[1m[vite][22m[39m [90m[2m(client)[22m[39m [32mhmr update [39m[2m/src/08-app-split/components/NerveCenterPanel.jsx[22m
[2m12:32:18 AM[22m [36m[1m[vite][22m[39m [90m[2m(client)[22m[39m [32mhmr update [39m[2m/src/08-app-split/components/NerveCenterPanel.jsx[22m
[2m12:32:32 AM[22m [36m[1m[vite][22m[39m [90m[2m(client)[22m[39m [32mhmr update [39m[2m/src/08-app-split/components/NerveCenterPanel.jsx[22m
[2m12:32:52 AM[22m [36m[1m[vite][22m[39m [90m[2m(client)[22m[39m [32mhmr update [39m[2m/src/08-app-split/components/NerveCenterPanel.jsx[22m
[2m12:32:58 AM[22m [36m[1m[vite][22m[39m [90m[2m(client)[22m[39m [32mhmr update [39m[2m/src/08-app-split/App.jsx[22m
[2m12:33:15 AM[22m [36m[1m[vite][22m[39m [90m[2m(client)[22m[39m [32mhmr update [39m[2m/src/08-app-split/App.jsx[22m
[2m12:34:11 AM[22m [36m[1m[vite][22m[39m [90m[2m(client)[22m[39m [32mhmr update [39m[2m/src/08-app-split/components/NerveCenterPanel.jsx[22m
[2m12:34:19 AM[22m [36m[1m[vite][22m[39m [90m[2m(client)[22m[39m [32mhmr update [39m[2m/src/08-app-split/components/NerveCenterPanel.jsx[22m
[2m12:34:41 AM[22m [36m[1m[vite][22m[39m [90m[2m(client)[22m[39m [32mhmr update [39m[2m/src/10-deskphone-web.jsx[22m
[2m12:34:54 AM[22m [36m[1m[vite][22m[39m [90m[2m(client)[22m[39m [32mhmr update [39m[2m/src/10-deskphone-web.jsx[22m
[2m12:35:04 AM[22m [36m[1m[vite][22m[39m [90m[2m(client)[22m[39m [32mhmr update [39m[2m/src/10-deskphone-web.jsx[22m
[2m12:35:13 AM[22m [36m[1m[vite][22m[39m [90m[2m(client)[22m[39m [32mhmr update [39m[2m/src/08-app-split/components/NerveCenterPanel.jsx[22m
[2m12:35:21 AM[22m [36m[1m[vite][22m[39m [90m[2m(client)[22m[39m [32mhmr update [39m[2m/src/08-app-split/components/NerveCenterPanel.jsx[22m
[2m1:00:58 AM[22m [36m[1m[vite][22m[39m [90m[2m(client)[22m[39m [32mhmr update [39m[2m/src/08-app-split/components/NerveCenterPhoneSurface.jsx[22m
[2m1:01:32 AM[22m [36m[1m[vite][22m[39m [90m[2m(client)[22m[39m [32mhmr update [39m[2m/src/08-app-split/components/NerveCenterPanel.jsx[22m
[2m1:08:47 AM[22m [36m[1m[vite][22m[39m [90m[2m(client)[22m[39m [32mhmr update [39m[2m/src/08-app-split/components/NerveCenterPanel.jsx[22m
[2m1:09:19 AM[22m [36m[1m[vite][22m[39m [90m[2m(client)[22m[39m [32mhmr update [39m[2m/src/08-app-split/components/NerveCenterPanel.jsx[22m
[2m1:09:33 AM[22m [36m[1m[vite][22m[39m [90m[2m(client)[22m[39m [32mhmr update [39m[2m/src/08-app-split/components/NerveCenterPanel.jsx[22m
[2m1:29:14 AM[22m [36m[1m[vite][22m[39m [90m[2m(client)[22m[39m [32mhmr update [39m[2m/src/08-app-split/components/NerveCenterPanel.jsx[22m
[2m1:30:01 AM[22m [36m[1m[vite][22m[39m [90m[2m(client)[22m[39m [32mhmr update [39m[2m/src/08-app-split/components/NerveCenterPanel.jsx[22m
[2m1:30:11 AM[22m [36m[1m[vite][22m[39m [90m[2m(client)[22m[39m [32mhmr update [39m[2m/src/08-app-split/components/NerveCenterPanel.jsx[22m
[2m1:30:16 AM[22m [36m[1m[vite][22m[39m [90m[2m(client)[22m[39m [32mhmr update [39m[2m/src/08-app-split/components/NerveCenterPanel.jsx[22m
[2m1:30:20 AM[22m [36m[1m[vite][22m[39m [90m[2m(client)[22m[39m [32mhmr update [39m[2m/src/08-app-split/components/NerveCenterPanel.jsx[22m
[2m1:30:25 AM[22m [36m[1m[vite][22m[39m [90m[2m(client)[22m[39m [32mhmr update [39m[2m/src/08-app-split/components/NerveCenterPanel.jsx[22m
[2m1:30:31 AM[22m [36m[1m[vite][22m[39m [90m[2m(client)[22m[39m [32mhmr update [39m[2m/src/08-app-split/components/NerveCenterPanel.jsx[22m
[2m1:42:03 AM[22m [36m[1m[vite][22m[39m [90m[2m(client)[22m[39m [32mhmr update [39m[2m/src/10-deskphone-web.jsx[22m
[2m1:52:58 AM[22m [36m[1m[vite][22m[39m [90m[2m(client)[22m[39m [32mhmr update [39m[2m/src/10-deskphone-web.jsx[22m
[2m1:53:03 AM[22m [36m[1m[vite][22m[39m [90m[2m(client)[22m[39m [32mhmr update [39m[2m/src/10-deskphone-web.jsx[22m
[2m1:53:12 AM[22m [36m[1m[vite][22m[39m [90m[2m(client)[22m[39m [32mhmr update [39m[2m/src/10-deskphone-web.jsx[22m
[2m1:55:50 AM[22m [36m[1m[vite][22m[39m [90m[2m(client)[22m[39m [32mhmr update [39m[2m/src/10-deskphone-web.jsx[22m
[2m1:56:01 AM[22m [36m[1m[vite][22m[39m [90m[2m(client)[22m[39m [32mhmr update [39m[2m/src/10-deskphone-web.jsx[22m
[2m1:56:06 AM[22m [36m[1m[vite][22m[39m [90m[2m(client)[22m[39m [32mhmr update [39m[2m/src/10-deskphone-web.jsx[22m
[2m2:00:52 AM[22m [36m[1m[vite][22m[39m [90m[2m(client)[22m[39m [32mhmr update [39m[2m/src/10-deskphone-web.jsx[22m
[2m2:04:54 AM[22m [36m[1m[vite][22m[39m [90m[2m(client)[22m[39m [32mhmr update [39m[2m/src/08-app-split/components/NerveCenterPhoneSurface.jsx[22m
[2m2:11:31 AM[22m [36m[1m[vite][22m[39m [90m[2m(client)[22m[39m [32mhmr update [39m[2m/src/08-app-split/App.jsx, /src/03-voice.jsx, /src/05-modals.jsx, /src/08-app-split/components/ConvCapture.jsx, /src/06-shelf.jsx, /src/07-settings.jsx, /src/08-app-split/components/NerveCenterPanel.jsx, /src/04-components.jsx[22m
[2m2:11:31 AM[22m [36m[1m[vite][22m[39m [90m[2m(client)[22m[39m [32mhmr update [39m[2m/src/08-app-split/App.jsx[22m
[2m2:11:31 AM[22m [36m[1m[vite][22m[39m [90m[2m(client)[22m[39m [32mhmr update [39m[2m/src/03-voice.jsx[22m
[2m2:11:31 AM[22m [36m[1m[vite][22m[39m [90m[2m(client)[22m[39m [32mhmr update [39m[2m/src/04-components.jsx[22m
[2m2:11:31 AM[22m [36m[1m[vite][22m[39m [90m[2m(client)[22m[39m [32mhmr update [39m[2m/src/05-modals.jsx[22m
[2m2:11:31 AM[22m [36m[1m[vite][22m[39m [90m[2m(client)[22m[39m [32mhmr update [39m[2m/src/06-shelf.jsx[22m
[2m2:11:31 AM[22m [36m[1m[vite][22m[39m [90m[2m(client)[22m[39m [32mhmr update [39m[2m/src/07-settings.jsx[22m
[2m2:11:31 AM[22m [36m[1m[vite][22m[39m [90m[2m(client)[22m[39m [32mhmr update [39m[2m/src/08-app-split/components/ConvCapture.jsx[22m
[2m2:11:31 AM[22m [36m[1m[vite][22m[39m [90m[2m(client)[22m[39m [32mhmr update [39m[2m/src/08-app-split/App.jsx[22m
[2m2:11:31 AM[22m [36m[1m[vite][22m[39m [90m[2m(client)[22m[39m [32mhmr update [39m[2m/src/08-app-split/App.jsx, /src/03-voice.jsx, /src/05-modals.jsx, /src/08-app-split/components/ConvCapture.jsx[22m
[2m2:11:31 AM[22m [36m[1m[vite][22m[39m [90m[2m(client)[22m[39m [32mhmr update [39m[2m/src/10-deskphone-web.jsx[22m
[2m2:11:31 AM[22m [36m[1m[vite][22m[39m [90m[2m(client)[22m[39m [32mhmr update [39m[2m/src/08-app-split/components/NerveCenterPanel.jsx[22m
[2m2:11:31 AM[22m [36m[1m[vite][22m[39m [90m[2m(client)[22m[39m [32mhmr update [39m[2m/src/08-app-split/components/NerveCenterPhoneSurface.jsx[22m
[2m2:11:31 AM[22m [36m[1m[vite][22m[39m [90m[2m(client)[22m[39m [32mhmr update [39m[2m/src/08-app-split/App.jsx[22m
[2m2:11:31 AM[22m [36m[1m[vite][22m[39m [90m[2m(client)[22m[39m [32mhmr update [39m[2m/src/08-app-split/App.jsx[22m
[2m2:11:31 AM[22m [36m[1m[vite][22m[39m [90m[2m(client)[22m[39m [32mhmr update [39m[2m/src/08-app-split/App.jsx[22m
[2m2:15:39 AM[22m [36m[1m[vite][22m[39m [90m[2m(client)[22m[39m [32mhmr update [39m[2m/src/10-deskphone-web.jsx[22m
[2m2:15:43 AM[22m [36m[1m[vite][22m[39m [90m[2m(client)[22m[39m [32mhmr update [39m[2m/src/10-deskphone-web.jsx[22m
[2m2:15:50 AM[22m [36m[1m[vite][22m[39m [90m[2m(client)[22m[39m [32mhmr update [39m[2m/src/10-deskphone-web.jsx[22m
[2m2:15:54 AM[22m [36m[1m[vite][22m[39m [90m[2m(client)[22m[39m [32mhmr update [39m[2m/src/10-deskphone-web.jsx[22m
[2m2:22:42 AM[22m [36m[1m[vite][22m[39m [90m[2m(client)[22m[39m [32mhmr update [39m[2m/src/08-app-split/App.jsx[22m
[2m2:22:48 AM[22m [36m[1m[vite][22m[39m [90m[2m(client)[22m[39m [32mhmr update [39m[2m/src/07-settings.jsx[22m
[2m2:40:21 AM[22m [36m[1m[vite][22m[39m [90m[2m(client)[22m[39m [32mhmr update [39m[2m/src/08-app-split/App.jsx, /src/03-voice.jsx, /src/05-modals.jsx, /src/08-app-split/components/ConvCapture.jsx, /src/06-shelf.jsx, /src/07-settings.jsx, /src/08-app-split/components/NerveCenterPanel.jsx, /src/04-components.jsx[22m
[2m2:42:53 AM[22m [36m[1m[vite][22m[39m [90m[2m(client)[22m[39m [32mhmr update [39m[2m/src/08-app-split/components/NerveCenterPanel.jsx[22m
[2m2:43:03 AM[22m [36m[1m[vite][22m[39m [90m[2m(client)[22m[39m [32mhmr update [39m[2m/src/08-app-split/components/NerveCenterPanel.jsx[22m
[2m7:58:45 AM[22m [36m[1m[vite][22m[39m [90m[2m(client)[22m[39m [32mhmr update [39m[2m/src/08-app-split/components/NerveCenterPanel.jsx[22m
[2m7:58:45 AM[22m [36m[1m[vite][22m[39m [90m[2m(client)[22m[39m [32mhmr update [39m[2m/src/08-app-split/App.jsx, /src/03-voice.jsx, /src/05-modals.jsx, /src/08-app-split/components/ConvCapture.jsx, /src/06-shelf.jsx, /src/07-settings.jsx, /src/08-app-split/components/NerveCenterPanel.jsx, /src/04-components.jsx[22m
[2m7:58:45 AM[22m [36m[1m[vite][22m[39m [90m[2m(client)[22m[39m [32mhmr update [39m[2m/src/08-app-split/App.jsx, /src/03-voice.jsx, /src/05-modals.jsx, /src/08-app-split/components/ConvCapture.jsx, /src/06-shelf.jsx, /src/07-settings.jsx, /src/08-app-split/components/NerveCenterPanel.jsx, /src/04-components.jsx[22m
[2m7:58:45 AM[22m [36m[1m[vite][22m[39m [90m[2m(client)[22m[39m [32mhmr update [39m[2m/src/08-app-split/App.jsx[22m
[2m7:58:45 AM[22m [36m[1m[vite][22m[39m [90m[2m(client)[22m[39m [32mhmr update [39m[2m/src/03-voice.jsx[22m
[2m7:58:45 AM[22m [36m[1m[vite][22m[39m [90m[2m(client)[22m[39m [32mhmr update [39m[2m/src/04-components.jsx[22m
[2m7:58:45 AM[22m [36m[1m[vite][22m[39m [90m[2m(client)[22m[39m [32mhmr update [39m[2m/src/05-modals.jsx[22m
[2m7:58:45 AM[22m [36m[1m[vite][22m[39m [90m[2m(client)[22m[39m [32mhmr update [39m[2m/src/06-shelf.jsx[22m
[2m7:58:45 AM[22m [36m[1m[vite][22m[39m [90m[2m(client)[22m[39m [32mhmr update [39m[2m/src/07-settings.jsx[22m
[2m7:58:45 AM[22m [36m[1m[vite][22m[39m [90m[2m(client)[22m[39m [32mhmr update [39m[2m/src/08-app-split/components/ConvCapture.jsx[22m
[2m7:58:45 AM[22m [36m[1m[vite][22m[39m [90m[2m(client)[22m[39m [32mhmr update [39m[2m/src/08-app-split/components/NerveCenterPanel.jsx[22m
[2m7:58:45 AM[22m [36m[1m[vite][22m[39m [90m[2m(client)[22m[39m [32mhmr update [39m[2m/src/08-app-split/components/NerveCenterPhoneSurface.jsx[22m
[2m7:58:45 AM[22m [36m[1m[vite][22m[39m [90m[2m(client)[22m[39m [32mhmr update [39m[2m/src/08-app-split/App.jsx[22m
[2m7:58:45 AM[22m [36m[1m[vite][22m[39m [90m[2m(client)[22m[39m [32mhmr update [39m[2m/src/08-app-split/App.jsx, /src/03-voice.jsx, /src/05-modals.jsx, /src/08-app-split/components/ConvCapture.jsx[22m
[2m7:58:45 AM[22m [36m[1m[vite][22m[39m [90m[2m(client)[22m[39m [32mhmr update [39m[2m/src/10-deskphone-web.jsx[22m
[2m7:58:45 AM[22m [36m[1m[vite][22m[39m [90m[2m(client)[22m[39m [32mhmr update [39m[2m/src/08-app-split/App.jsx[22m
[2m7:58:45 AM[22m [36m[1m[vite][22m[39m [90m[2m(client)[22m[39m [32mhmr update [39m[2m/src/08-app-split/App.jsx[22m
[2m7:58:45 AM[22m [36m[1m[vite][22m[39m [90m[2m(client)[22m[39m [32mhmr update [39m[2m/src/08-app-split/App.jsx[22m
[2m8:05:03 AM[22m [36m[1m[vite][22m[39m [90m[2m(client)[22m[39m [32mhmr update [39m[2m/src/08-app-split/components/NerveCenterPanel.jsx[22m
[2m8:05:08 AM[22m [36m[1m[vite][22m[39m [90m[2m(client)[22m[39m [32mhmr update [39m[2m/src/08-app-split/components/NerveCenterPanel.jsx[22m
[2m8:05:17 AM[22m [36m[1m[vite][22m[39m [90m[2m(client)[22m[39m [32mhmr update [39m[2m/src/08-app-split/components/NerveCenterPanel.jsx[22m
[2m8:05:21 AM[22m [36m[1m[vite][22m[39m [90m[2m(client)[22m[39m [32mhmr update [39m[2m/src/08-app-split/components/NerveCenterPanel.jsx[22m
[2m8:06:30 AM[22m [36m[1m[vite][22m[39m [90m[2m(client)[22m[39m [32mhmr update [39m[2m/src/08-app-split/components/NerveCenterPanel.jsx[22m
[2m10:11:32 AM[22m [36m[1m[vite][22m[39m [90m[2m(client)[22m[39m [32mhmr update [39m[2m/src/08-app-split/components/NerveCenterPanel.jsx[22m
[2m10:11:44 AM[22m [36m[1m[vite][22m[39m [90m[2m(client)[22m[39m [32mhmr update [39m[2m/src/08-app-split/components/NerveCenterPanel.jsx[22m
[2m10:24:00 AM[22m [36m[1m[vite][22m[39m [90m[2m(client)[22m[39m [32mhmr update [39m[2m/src/08-app-split/components/NerveCenterPanel.jsx[22m
[2m10:40:25 AM[22m [36m[1m[vite][22m[39m [90m[2m(client)[22m[39m [32mhmr update [39m[2m/src/08-app-split/components/NerveCenterPanel.jsx[22m
[2m10:40:33 AM[22m [36m[1m[vite][22m[39m [90m[2m(client)[22m[39m [32mhmr update [39m[2m/src/08-app-split/components/NerveCenterPanel.jsx[22m
[2m10:40:52 AM[22m [36m[1m[vite][22m[39m [90m[2m(client)[22m[39m [32mhmr update [39m[2m/src/08-app-split/components/NerveCenterPanel.jsx[22m
[2m10:41:03 AM[22m [36m[1m[vite][22m[39m [90m[2m(client)[22m[39m [32mhmr update [39m[2m/src/08-app-split/components/NerveCenterPanel.jsx[22m
[2m10:41:38 AM[22m [36m[1m[vite][22m[39m [90m[2m(client)[22m[39m [32mhmr update [39m[2m/src/08-app-split/components/NerveCenterPanel.jsx[22m
[2m10:41:58 AM[22m [36m[1m[vite][22m[39m [90m[2m(client)[22m[39m [32mhmr update [39m[2m/src/08-app-split/components/NerveCenterPanel.jsx[22m
[2m12:28:14 PM[22m [36m[1m[vite][22m[39m [90m[2m(client)[22m[39m [32mhmr update [39m[2m/src/08-app-split/App.jsx, /src/03-voice.jsx, /src/05-modals.jsx, /src/08-app-split/components/ConvCapture.jsx, /src/06-shelf.jsx, /src/07-settings.jsx, /src/08-app-split/components/NerveCenterPanel.jsx, /src/04-components.jsx[22m
[2m12:28:52 PM[22m [36m[1m[vite][22m[39m [90m[2m(client)[22m[39m [32mpage reload [39m[2mshailos/index.html[22m
[2m12:29:19 PM[22m [36m[1m[vite][22m[39m [90m[2m(client)[22m[39m [32mpage reload [39m[2mshailos/index.html[22m
[2m12:30:41 PM[22m [36m[1m[vite][22m[39m [90m[2m(client)[22m[39m [32mpage reload [39m[2mshailos/index.html[22m
[2m12:31:33 PM[22m [36m[1m[vite][22m[39m [90m[2m(client)[22m[39m [32mpage reload [39m[2mshailos/index.html[22m
[2m3:59:54 PM[22m [36m[1m[vite][22m[39m [90m[2m(client)[22m[39m [32mhmr update [39m[2m/src/07-settings.jsx[22m
[2m4:00:10 PM[22m [36m[1m[vite][22m[39m [90m[2m(client)[22m[39m [32mhmr update [39m[2m/src/07-settings.jsx[22m
[2m4:00:26 PM[22m [36m[1m[vite][22m[39m [90m[2m(client)[22m[39m [32mhmr update [39m[2m/src/08-app-split/App.jsx[22m
[2m4:00:30 PM[22m [36m[1m[vite][22m[39m [90m[2m(client)[22m[39m [32mhmr update [39m[2m/src/08-app-split/App.jsx[22m
[2m4:01:56 PM[22m [36m[1m[vite][22m[39m [90m[2m(client)[22m[39m [32mhmr update [39m[2m/src/07-settings.jsx[22m
[2m4:19:18 PM[22m [36m[1m[vite][22m[39m [90m[2m(client)[22m[39m [32mhmr update [39m[2m/src/08-app-split/App.jsx, /src/03-voice.jsx, /src/05-modals.jsx, /src/08-app-split/components/ConvCapture.jsx, /src/06-shelf.jsx, /src/07-settings.jsx, /src/08-app-split/components/NerveCenterPanel.jsx, /src/04-components.jsx[22m
[2m4:19:31 PM[22m [36m[1m[vite][22m[39m [90m[2m(client)[22m[39m [32mhmr update [39m[2m/src/07-settings.jsx[22m
[2m4:19:46 PM[22m [36m[1m[vite][22m[39m [90m[2m(client)[22m[39m [32mhmr update [39m[2m/src/08-app-split/App.jsx[22m
[2m4:19:50 PM[22m [36m[1m[vite][22m[39m [90m[2m(client)[22m[39m [32mhmr update [39m[2m/src/08-app-split/App.jsx[22m
[2m4:20:00 PM[22m [36m[1m[vite][22m[39m [90m[2m(client)[22m[39m [32mhmr update [39m[2m/src/08-app-split/App.jsx[22m
