{"logTime": "0520/123817", "correlationVector":"XdeOEpWnz0gcWVQ2KsoMof.1","action":"SyncServerConnectionManagerRequest", "result":"SYNC_SERVER_OK", "context":{"environment":"Prod_centralus_prod-s01-068-nam-centralus", "migrationStage":"NotStarted", "server":"akswtt00400001v"}}
{"logTime": "0520/123817", "correlationVector":"XdeOEpWnz0gcWVQ2KsoMof.2","action":"ProcessGetUpdates", "result":"Done", "context":{"dataType":"Encryption Keys", "deleted":"0", "process_failed_to_decrypt":"0", "process_pending_decryption":"0", "process_success":"1", "total":"1"}}
{"logTime": "0520/123817", "correlationVector":"XHWGqvltm4Phof1Bx7Y5aK","action":"SyncServerConnectionManagerRequest", "result":"SYNC_SERVER_OK", "context":{"environment":"", "migrationStage":"", "server":""}}
{"logTime": "0520/123817", "correlationVector":"XHWGqvltm4Phof1Bx7Y5aK.0","action":"EncryptionKeysFetcher.DownloadKeys:", "result":"Success", "context":Key count: 3, Last key timestamp: 2026-03-12T18:39:28Z}
{"logTime": "0520/123817", "correlationVector":"XHWGqvltm4Phof1Bx7Y5aK.1","action":"EncryptionKeysManager::SetEncryptionKeys:", "result":"Success", "context":Key names[3]:[y4LLCN2/MFeDf2QS5LtrUpkpRCXzQ0ZR95MPTEjdJEiyfGeNEtCrQO+/JoOBxxwFdlncEpd/x9HAPdZ6qMiQ8g==][jj2KSGKg3B0n+LnHltr5vIR3UzV7j0Dh/hfQZE1l44+H9AE0yeHG6b5dXUAAIbxYzjFuR+o5Mx/I4hMYI9+fZw==][RxFoP+YFmCOk9dbd669UBKu7sAScJVfpnOnhWYHRv3JbZE+tvjx2PBrKBk9qYXYpTOnpeQCOKXKy1LU6it71OQ==]}
{"logTime": "0520/123817", "correlationVector":"XHWGqvltm4Phof1Bx7Y5aK.2","action":"EncryptionKeysManager::SetEncryptionKeysWithTimestamps:", "result":"Success", "context":Key timestamps[3]:[2024-12-15T03:24:17Z][2025-07-01T16:05:14Z][2026-03-12T18:39:28Z]}
{"logTime": "0520/123817", "correlationVector":"XdeOEpWnz0gcWVQ2KsoMof","action":"Initial GetUpdates", "result":"", "context":Reason: NEW_CLIENT. cV=XdeOEpWnz0gcWVQ2KsoMof}
{"logTime": "0520/123817", "correlationVector":"XdeOEpWnz0gcWVQ2KsoMof.3","action":"GetUpdates Response", "result":"Success", "context":Received 1 update(s). cV=XdeOEpWnz0gcWVQ2KsoMof.0;server=akswtt00400001v;cloudType=Consumer;environment=Prod_centralus_prod-s01-068-nam-centralus;migrationStage=NotStarted}
{"logTime": "0520/123817", "correlationVector":"IZyyPnsQpGN2tIaGR76Jmw","action":"Initial GetUpdates", "result":"", "context":Reason: NEWLY_SUPPORTED_DATATYPE. cV=IZyyPnsQpGN2tIaGR76Jmw}
{"logTime": "0520/123818", "correlationVector":"IZyyPnsQpGN2tIaGR76Jmw.1","action":"SyncServerConnectionManagerRequest", "result":"SYNC_SERVER_OK", "context":{"environment":"Prod_canadacentral_prod-s01-021-nam-canadacentral", "migrationStage":"NotStarted", "server":"akswtt00000001s"}}
{"logTime": "0520/123818", "correlationVector":"IZyyPnsQpGN2tIaGR76Jmw.2","action":"ProcessGetUpdates", "result":"Done", "context":{"dataType":"Preferences", "deleted":"0", "process_failed_to_decrypt":"0", "process_pending_decryption":"0", "process_success":"60", "total":"60"}}
{"logTime": "0520/123818", "correlationVector":"IZyyPnsQpGN2tIaGR76Jmw.3","action":"ProcessGetUpdates", "result":"Done", "context":{"dataType":"Passwords", "deleted":"8", "process_failed_to_decrypt":"0", "process_pending_decryption":"0", "process_success":"9", "total":"9"}}
{"logTime": "0520/123818", "correlationVector":"IZyyPnsQpGN2tIaGR76Jmw.4","action":"ProcessGetUpdates", "result":"Done", "context":{"dataType":"Device Info", "deleted":"0", "process_failed_to_decrypt":"0", "process_pending_decryption":"0", "process_success":"37", "total":"37"}}
{"logTime": "0520/123818", "correlationVector":"IZyyPnsQpGN2tIaGR76Jmw.5","action":"GetUpdates Response", "result":"Success", "context":Received 106 update(s). cV=IZyyPnsQpGN2tIaGR76Jmw.0;server=akswtt00000001s;cloudType=Consumer;environment=Prod_canadacentral_prod-s01-021-nam-canadacentral;migrationStage=NotStarted}
{"logTime": "0520/123818", "correlationVector":"5Fv3qDpBmb+7H6ocCuUdJG","action":"Initial GetUpdates", "result":"", "context":Reason: NEWLY_SUPPORTED_DATATYPE. cV=5Fv3qDpBmb+7H6ocCuUdJG}
{"logTime": "0520/123818", "correlationVector":"5Fv3qDpBmb+7H6ocCuUdJG.1","action":"SyncServerConnectionManagerRequest", "result":"SYNC_SERVER_OK", "context":{"environment":"Prod_northcentralus_prod-s01-050-nam-northcentralus", "migrationStage":"NotStarted", "server":"akswtt00400001a"}}
{"logTime": "0520/123818", "correlationVector":"5Fv3qDpBmb+7H6ocCuUdJG.2","action":"ProcessGetUpdates", "result":"Done", "context":{"dataType":"Bookmarks", "deleted":"0", "process_failed_to_decrypt":"0", "process_pending_decryption":"0", "process_success":"6", "total":"6"}}
{"logTime": "0520/123818", "correlationVector":"5Fv3qDpBmb+7H6ocCuUdJG.3","action":"GetUpdates Response", "result":"Success", "context":Received 6 update(s). cV=5Fv3qDpBmb+7H6ocCuUdJG.0;server=akswtt00400001a;cloudType=Consumer;environment=Prod_northcentralus_prod-s01-050-nam-northcentralus;migrationStage=NotStarted}
{"logTime": "0520/123818", "correlationVector":"48OvBk1UT/wCDM3k6dkVLD","action":"Initial GetUpdates", "result":"", "context":Reason: NEWLY_SUPPORTED_DATATYPE. cV=48OvBk1UT/wCDM3k6dkVLD}
{"logTime": "0520/123819", "correlationVector":"48OvBk1UT/wCDM3k6dkVLD.1","action":"SyncServerConnectionManagerRequest", "result":"SYNC_SERVER_OK", "context":{"environment":"Prod_centralus_prod-s01-068-nam-centralus", "migrationStage":"NotStarted", "server":"akswtt00400002c"}}
{"logTime": "0520/123819", "correlationVector":"48OvBk1UT/wCDM3k6dkVLD.2","action":"ProcessGetUpdates", "result":"Done", "context":{"dataType":"Autofill Profiles", "deleted":"0", "process_failed_to_decrypt":"0", "process_pending_decryption":"0", "process_success":"2", "total":"2"}}
{"logTime": "0520/123819", "correlationVector":"48OvBk1UT/wCDM3k6dkVLD.3","action":"ProcessGetUpdates", "result":"Done", "context":{"dataType":"Autofill", "deleted":"0", "process_failed_to_decrypt":"0", "process_pending_decryption":"0", "process_success":"11", "total":"11"}}
{"logTime": "0520/123819", "correlationVector":"48OvBk1UT/wCDM3k6dkVLD.4","action":"ProcessGetUpdates", "result":"Done", "context":{"dataType":"Extensions", "deleted":"0", "process_failed_to_decrypt":"0", "process_pending_decryption":"0", "process_success":"1", "total":"1"}}
{"logTime": "0520/123819", "correlationVector":"48OvBk1UT/wCDM3k6dkVLD.5","action":"ProcessGetUpdates", "result":"Done", "context":{"dataType":"Sessions", "deleted":"0", "process_failed_to_decrypt":"0", "process_pending_decryption":"0", "process_success":"79", "total":"79"}}
{"logTime": "0520/123819", "correlationVector":"48OvBk1UT/wCDM3k6dkVLD.6","action":"ProcessGetUpdates", "result":"Done", "context":{"dataType":"Edge Hub App Usage", "deleted":"0", "process_failed_to_decrypt":"0", "process_pending_decryption":"0", "process_success":"1", "total":"1"}}
{"logTime": "0520/123819", "correlationVector":"48OvBk1UT/wCDM3k6dkVLD.7","action":"GetUpdates Response", "result":"Success", "context":Received 94 update(s). cV=48OvBk1UT/wCDM3k6dkVLD.0;server=akswtt00400002c;cloudType=Consumer;environment=Prod_centralus_prod-s01-068-nam-centralus;migrationStage=NotStarted}
{"logTime": "0520/123819", "correlationVector":"lYMwPv7C7QtAQIhRTzZb2y","action":"Initial GetUpdates", "result":"", "context":Reason: NEWLY_SUPPORTED_DATATYPE. cV=lYMwPv7C7QtAQIhRTzZb2y}
