{"logTime": "0520/042022", "correlationVector":"L2GOn6OuTNAMpkMk9sRGgR.1","action":"SyncServerConnectionManagerRequest", "result":"SYNC_SERVER_OK", "context":{"environment":"Prod_northcentralus_prod-s01-050-nam-northcentralus", "migrationStage":"NotStarted", "server":"akswtt00400001l"}}
{"logTime": "0520/042022", "correlationVector":"L2GOn6OuTNAMpkMk9sRGgR.2","action":"ProcessGetUpdates", "result":"Done", "context":{"dataType":"Encryption Keys", "deleted":"0", "process_failed_to_decrypt":"0", "process_pending_decryption":"0", "process_success":"1", "total":"1"}}
{"logTime": "0520/042022", "correlationVector":"8rpqeoBqtq+zecPwtcNawF","action":"SyncServerConnectionManagerRequest", "result":"SYNC_SERVER_OK", "context":{"environment":"", "migrationStage":"", "server":""}}
{"logTime": "0520/042022", "correlationVector":"8rpqeoBqtq+zecPwtcNawF.0","action":"EncryptionKeysFetcher.DownloadKeys:", "result":"Success", "context":Key count: 3, Last key timestamp: 2026-03-12T18:39:28Z}
{"logTime": "0520/042022", "correlationVector":"8rpqeoBqtq+zecPwtcNawF.1","action":"EncryptionKeysManager::SetEncryptionKeys:", "result":"Success", "context":Key names[3]:[y4LLCN2/MFeDf2QS5LtrUpkpRCXzQ0ZR95MPTEjdJEiyfGeNEtCrQO+/JoOBxxwFdlncEpd/x9HAPdZ6qMiQ8g==][jj2KSGKg3B0n+LnHltr5vIR3UzV7j0Dh/hfQZE1l44+H9AE0yeHG6b5dXUAAIbxYzjFuR+o5Mx/I4hMYI9+fZw==][RxFoP+YFmCOk9dbd669UBKu7sAScJVfpnOnhWYHRv3JbZE+tvjx2PBrKBk9qYXYpTOnpeQCOKXKy1LU6it71OQ==]}
{"logTime": "0520/042022", "correlationVector":"8rpqeoBqtq+zecPwtcNawF.2","action":"EncryptionKeysManager::SetEncryptionKeysWithTimestamps:", "result":"Success", "context":Key timestamps[3]:[2024-12-15T03:24:17Z][2025-07-01T16:05:14Z][2026-03-12T18:39:28Z]}
{"logTime": "0520/042022", "correlationVector":"L2GOn6OuTNAMpkMk9sRGgR","action":"Initial GetUpdates", "result":"", "context":Reason: NEW_CLIENT. cV=L2GOn6OuTNAMpkMk9sRGgR}
{"logTime": "0520/042022", "correlationVector":"L2GOn6OuTNAMpkMk9sRGgR.3","action":"GetUpdates Response", "result":"Success", "context":Received 1 update(s). cV=L2GOn6OuTNAMpkMk9sRGgR.0;server=akswtt00400001l;cloudType=Consumer;environment=Prod_northcentralus_prod-s01-050-nam-northcentralus;migrationStage=NotStarted}
{"logTime": "0520/042022", "correlationVector":"vDah24w+StUTVLQtKygGNt","action":"Initial GetUpdates", "result":"", "context":Reason: NEWLY_SUPPORTED_DATATYPE. cV=vDah24w+StUTVLQtKygGNt}
{"logTime": "0520/042022", "correlationVector":"vDah24w+StUTVLQtKygGNt.1","action":"SyncServerConnectionManagerRequest", "result":"SYNC_SERVER_OK", "context":{"environment":"Prod_northcentralus_prod-s01-050-nam-northcentralus", "migrationStage":"NotStarted", "server":"akswtt00400001a"}}
{"logTime": "0520/042022", "correlationVector":"vDah24w+StUTVLQtKygGNt.2","action":"ProcessGetUpdates", "result":"Done", "context":{"dataType":"Preferences", "deleted":"0", "process_failed_to_decrypt":"0", "process_pending_decryption":"0", "process_success":"60", "total":"60"}}
{"logTime": "0520/042022", "correlationVector":"vDah24w+StUTVLQtKygGNt.3","action":"ProcessGetUpdates", "result":"Done", "context":{"dataType":"Passwords", "deleted":"8", "process_failed_to_decrypt":"0", "process_pending_decryption":"0", "process_success":"9", "total":"9"}}
{"logTime": "0520/042022", "correlationVector":"vDah24w+StUTVLQtKygGNt.4","action":"ProcessGetUpdates", "result":"Done", "context":{"dataType":"Device Info", "deleted":"0", "process_failed_to_decrypt":"0", "process_pending_decryption":"0", "process_success":"32", "total":"32"}}
{"logTime": "0520/042022", "correlationVector":"vDah24w+StUTVLQtKygGNt.5","action":"GetUpdates Response", "result":"Success", "context":Received 101 update(s). cV=vDah24w+StUTVLQtKygGNt.0;server=akswtt00400001a;cloudType=Consumer;environment=Prod_northcentralus_prod-s01-050-nam-northcentralus;migrationStage=NotStarted}
{"logTime": "0520/042022", "correlationVector":"Jnm05KdRakLLBiVFdsbCbT","action":"Initial GetUpdates", "result":"", "context":Reason: NEWLY_SUPPORTED_DATATYPE. cV=Jnm05KdRakLLBiVFdsbCbT}
{"logTime": "0520/042022", "correlationVector":"Jnm05KdRakLLBiVFdsbCbT.1","action":"SyncServerConnectionManagerRequest", "result":"SYNC_SERVER_OK", "context":{"environment":"Prod_northcentralus_prod-s01-050-nam-northcentralus", "migrationStage":"NotStarted", "server":"akswtt00400001r"}}
{"logTime": "0520/042022", "correlationVector":"Jnm05KdRakLLBiVFdsbCbT.2","action":"ProcessGetUpdates", "result":"Done", "context":{"dataType":"Bookmarks", "deleted":"0", "process_failed_to_decrypt":"0", "process_pending_decryption":"0", "process_success":"6", "total":"6"}}
{"logTime": "0520/042022", "correlationVector":"Jnm05KdRakLLBiVFdsbCbT.3","action":"GetUpdates Response", "result":"Success", "context":Received 6 update(s). cV=Jnm05KdRakLLBiVFdsbCbT.0;server=akswtt00400001r;cloudType=Consumer;environment=Prod_northcentralus_prod-s01-050-nam-northcentralus;migrationStage=NotStarted}
{"logTime": "0520/042022", "correlationVector":"ARCktMClUWeNleuvyI47k3","action":"Initial GetUpdates", "result":"", "context":Reason: NEWLY_SUPPORTED_DATATYPE. cV=ARCktMClUWeNleuvyI47k3}
{"logTime": "0520/042023", "correlationVector":"ARCktMClUWeNleuvyI47k3.1","action":"SyncServerConnectionManagerRequest", "result":"SYNC_SERVER_OK", "context":{"environment":"Prod_northcentralus_prod-s01-050-nam-northcentralus", "migrationStage":"NotStarted", "server":"akswtt00400001l"}}
{"logTime": "0520/042023", "correlationVector":"ARCktMClUWeNleuvyI47k3.2","action":"ProcessGetUpdates", "result":"Done", "context":{"dataType":"Autofill Profiles", "deleted":"0", "process_failed_to_decrypt":"0", "process_pending_decryption":"0", "process_success":"2", "total":"2"}}
{"logTime": "0520/042023", "correlationVector":"ARCktMClUWeNleuvyI47k3.3","action":"ProcessGetUpdates", "result":"Done", "context":{"dataType":"Autofill", "deleted":"0", "process_failed_to_decrypt":"0", "process_pending_decryption":"0", "process_success":"11", "total":"11"}}
{"logTime": "0520/042023", "correlationVector":"ARCktMClUWeNleuvyI47k3.4","action":"ProcessGetUpdates", "result":"Done", "context":{"dataType":"Extensions", "deleted":"0", "process_failed_to_decrypt":"0", "process_pending_decryption":"0", "process_success":"1", "total":"1"}}
{"logTime": "0520/042023", "correlationVector":"ARCktMClUWeNleuvyI47k3.5","action":"ProcessGetUpdates", "result":"Done", "context":{"dataType":"Sessions", "deleted":"0", "process_failed_to_decrypt":"0", "process_pending_decryption":"0", "process_success":"69", "total":"69"}}
{"logTime": "0520/042023", "correlationVector":"ARCktMClUWeNleuvyI47k3.6","action":"ProcessGetUpdates", "result":"Done", "context":{"dataType":"Edge Hub App Usage", "deleted":"0", "process_failed_to_decrypt":"0", "process_pending_decryption":"0", "process_success":"1", "total":"1"}}
{"logTime": "0520/042023", "correlationVector":"ARCktMClUWeNleuvyI47k3.7","action":"GetUpdates Response", "result":"Success", "context":Received 84 update(s). cV=ARCktMClUWeNleuvyI47k3.0;server=akswtt00400001l;cloudType=Consumer;environment=Prod_northcentralus_prod-s01-050-nam-northcentralus;migrationStage=NotStarted}
{"logTime": "0520/042023", "correlationVector":"i0HyKw8HIqTA1mGUZS1qGW","action":"Initial GetUpdates", "result":"", "context":Reason: NEWLY_SUPPORTED_DATATYPE. cV=i0HyKw8HIqTA1mGUZS1qGW}
{"logTime": "0520/042023", "correlationVector":"i0HyKw8HIqTA1mGUZS1qGW.1","action":"SyncServerConnectionManagerRequest", "result":"SYNC_SERVER_OK", "context":{"environment":"Prod_northcentralus_prod-s01-050-nam-northcentralus", "migrationStage":"NotStarted", "server":"akswtt00400001j"}}
{"logTime": "0520/042023", "correlationVector":"i0HyKw8HIqTA1mGUZS1qGW.2","action":"ProcessGetUpdates", "result":"Done", "context":{"dataType":"History", "deleted":"0", "process_failed_to_decrypt":"0", "process_pending_decryption":"0", "process_success":"12", "total":"12"}}
{"logTime": "0520/042023", "correlationVector":"i0HyKw8HIqTA1mGUZS1qGW.3","action":"GetUpdates Response", "result":"Success", "context":Received 12 update(s). cV=i0HyKw8HIqTA1mGUZS1qGW.0;server=akswtt00400001j;cloudType=Consumer;environment=Prod_northcentralus_prod-s01-050-nam-northcentralus;migrationStage=NotStarted}
{"logTime": "0520/042023", "correlationVector":"t6LPv1US2iMYn/nS0SvCXs","action":"Normal GetUpdate request", "result":"", "context":cV=t6LPv1US2iMYn/nS0SvCXs
Nudged types: Sessions, Device Info, User Consents
Refresh requested types: Bookmarks, Preferences, Passwords, Autofill Profiles, Autofill, Extensions, Sessions, Extension settings, History Delete Directives, Device Info, User Consents, Send Tab To Self, Web Apps, History, Saved Tab Group, WebAuthn Credentials, Collection, Edge E Drop, Edge Hub App Usage, Edge Wallet, Edge Workspace, Encryption Keys}
{"logTime": "0520/042023", "correlationVector":"t6LPv1US2iMYn/nS0SvCXs.1","action":"SyncServerConnectionManagerRequest", "result":"SYNC_SERVER_OK", "context":{"environment":"Prod_northcentralus_prod-s01-050-nam-northcentralus", "migrationStage":"NotStarted", "server":"akswtt00400001l"}}
{"logTime": "0520/042023", "correlationVector":"t6LPv1US2iMYn/nS0SvCXs.2","action":"GetUpdates Response", "result":"Success", "context":Received 0 update(s). cV=t6LPv1US2iMYn/nS0SvCXs.0;server=akswtt00400001l;cloudType=Consumer;environment=Prod_northcentralus_prod-s01-050-nam-northcentralus;migrationStage=NotStarted}
{"logTime": "0520/042023", "correlationVector":"cbcjfRcN7lMrXyDvtrTlBG","action":"DoCompareDataConsistency requsted types: ", "result":"Bookmarks, Preferences, Passwords, Extensions, Extension settings, History Delete Directives, Send Tab To Self, Web Apps, History, Saved Tab Group, WebAuthn Credentials, Collection, Edge E Drop, Edge Wallet, Edge Workspace, Encryption Keys"}
{"logTime": "0520/042023", "correlationVector":"cbcjfRcN7lMrXyDvtrTlBG.0","action":"CompareDataConsistency result: ", "result":"Compare result: Encryption Keys is consistent. local entities count is: 1 local entities hash is: Mk3f9G61zob4AtQznuP0zgJ7PMk="}
{"logTime": "0520/042023", "correlationVector":"cbcjfRcN7lMrXyDvtrTlBG.1","action":"CompareDataConsistency result: ", "result":"Compare result: Bookmarks is consistent. local entities count is: 0 local entities hash is: "}
{"logTime": "0520/042023", "correlationVector":"cbcjfRcN7lMrXyDvtrTlBG.2","action":"CompareDataConsistency result: ", "result":"Compare result: Preferences is consistent. local entities count is: 60 local entities hash is: Fp5zCcUnViZjDyQ6Ti4EGMxnWB0="}
{"logTime": "0520/042023", "correlationVector":"cbcjfRcN7lMrXyDvtrTlBG.3","action":"CompareDataConsistency result: ", "result":"Compare result: Extensions is consistent. local entities count is: 1 local entities hash is: CGTYRLULByZAZbo4Q3NjUyEMv+U="}
{"logTime": "0520/042023", "correlationVector":"cbcjfRcN7lMrXyDvtrTlBG.4","action":"CompareDataConsistency result: ", "result":"Compare result: Extension settings is consistent. local entities count is: 0 local entities hash is: "}
{"logTime": "0520/042023", "correlationVector":"cbcjfRcN7lMrXyDvtrTlBG.5","action":"CompareDataConsistency result: ", "result":"Compare result: History Delete Directives is consistent. local entities count is: 0 local entities hash is: "}
{"logTime": "0520/042023", "correlationVector":"cbcjfRcN7lMrXyDvtrTlBG.6","action":"CompareDataConsistency result: ", "result":"Server did not send this Send Tab To Self local entities count is: 0 local entities hash is: "}
{"logTime": "0520/042023", "correlationVector":"cbcjfRcN7lMrXyDvtrTlBG.7","action":"CompareDataConsistency result: ", "result":"Compare result: Web Apps is consistent. local entities count is: 0 local entities hash is: "}
{"logTime": "0520/042023", "correlationVector":"cbcjfRcN7lMrXyDvtrTlBG.8","action":"CompareDataConsistency result: ", "result":"Server did not send this History local entities count is: 0 local entities hash is: "}
{"logTime": "0520/042023", "correlationVector":"cbcjfRcN7lMrXyDvtrTlBG.9","action":"CompareDataConsistency result: ", "result":"Compare result: Saved Tab Group is consistent. local entities count is: 0 local entities hash is: "}
{"logTime": "0520/042023", "correlationVector":"cbcjfRcN7lMrXyDvtrTlBG.10","action":"CompareDataConsistency result: ", "result":"Server did not send this WebAuthn Credentials local entities count is: 0 local entities hash is: "}
{"logTime": "0520/042023", "correlationVector":"cbcjfRcN7lMrXyDvtrTlBG.11","action":"CompareDataConsistency result: ", "result":"Compare result: Collection is consistent. local entities count is: 0 local entities hash is: "}
{"logTime": "0520/042023", "correlationVector":"cbcjfRcN7lMrXyDvtrTlBG.12","action":"CompareDataConsistency result: ", "result":"Compare result: Edge E Drop is consistent. local entities count is: 0 local entities hash is: "}
{"logTime": "0520/042023", "correlationVector":"cbcjfRcN7lMrXyDvtrTlBG.13","action":"CompareDataConsistency result: ", "result":"Compare result: Edge Wallet is consistent. local entities count is: 0 local entities hash is: "}
{"logTime": "0520/042023", "correlationVector":"cbcjfRcN7lMrXyDvtrTlBG.14","action":"CompareDataConsistency result: ", "result":"Server did not send this Edge Workspace local entities count is: 0 local entities hash is: "}
{"logTime": "0520/042023", "correlationVector":"cbcjfRcN7lMrXyDvtrTlBG.15","action":"CompareDataConsistency result: ", "result":"Compare result: Passwords is consistent. local entities count is: 1 local entities hash is: aCO/0pyPnu901/Lls23/DqNKIXc="}
{"logTime": "0520/042023", "correlationVector":"SK7sAmYcS6GKAtZVTQwCEX","action":"Commit Request", "result":"", "context":Item count: 4
Contributing types: Sessions, Device Info, User Consents}
{"logTime": "0520/042023", "correlationVector":"SK7sAmYcS6GKAtZVTQwCEX.1","action":"SyncServerConnectionManagerRequest", "result":"SYNC_SERVER_OK", "context":{"environment":"Prod_northcentralus_prod-s01-050-nam-northcentralus", "migrationStage":"NotStarted", "server":"akswtt00400001l"}}
{"logTime": "0520/042023", "correlationVector":"SK7sAmYcS6GKAtZVTQwCEX.2","action":"Commit Response", "result":"Success", "context":Result: Success. cV=SK7sAmYcS6GKAtZVTQwCEX.0;server=akswtt00400001l;cloudType=Consumer;environment=Prod_northcentralus_prod-s01-050-nam-northcentralus;migrationStage=NotStarted}
{"logTime": "0520/042023", "correlationVector":"","action":"DIAGNOSTIC_REQUEST|v1/diagnosticData/Diagnostic.SendCheckResult()|SUCCESS", "result":""}
