{"logTime": "0520/042336", "correlationVector":"Dut5VqCFHSV1k404GHBZ+A.1","action":"SyncServerConnectionManagerRequest", "result":"SYNC_SERVER_OK", "context":{"environment":"Prod_northcentralus_prod-s01-050-nam-northcentralus", "migrationStage":"NotStarted", "server":"akswtt00400001v"}}
{"logTime": "0520/042336", "correlationVector":"Dut5VqCFHSV1k404GHBZ+A.2","action":"ProcessGetUpdates", "result":"Done", "context":{"dataType":"Encryption Keys", "deleted":"0", "process_failed_to_decrypt":"0", "process_pending_decryption":"0", "process_success":"1", "total":"1"}}
{"logTime": "0520/042337", "correlationVector":"hE61nsH+jzsgSMvq3BNqAZ","action":"SyncServerConnectionManagerRequest", "result":"SYNC_SERVER_ERROR", "context":{"environment":"", "error_type":"http_status_code", "error_value":"400", "migrationStage":"", "server":""}}
{"logTime": "0520/042337", "correlationVector":"Dut5VqCFHSV1k404GHBZ+A","action":"Initial GetUpdates", "result":"", "context":Reason: NEW_CLIENT. cV=Dut5VqCFHSV1k404GHBZ+A}
{"logTime": "0520/042337", "correlationVector":"Dut5VqCFHSV1k404GHBZ+A.3","action":"GetUpdates Response", "result":"Success", "context":Received 1 update(s). cV=Dut5VqCFHSV1k404GHBZ+A.0;server=akswtt00400001v;cloudType=Consumer;environment=Prod_northcentralus_prod-s01-050-nam-northcentralus;migrationStage=NotStarted}
{"logTime": "0520/042337", "correlationVector":"34YjeoFd06o/mYVDipuqaM","action":"Initial GetUpdates", "result":"", "context":Reason: NEW_CLIENT. cV=34YjeoFd06o/mYVDipuqaM}
{"logTime": "0520/042337", "correlationVector":"34YjeoFd06o/mYVDipuqaM.1","action":"SyncServerConnectionManagerRequest", "result":"SYNC_SERVER_OK", "context":{"environment":"Prod_northcentralus_prod-s01-050-nam-northcentralus", "migrationStage":"NotStarted", "server":"akswtt00400001u"}}
{"logTime": "0520/042337", "correlationVector":"34YjeoFd06o/mYVDipuqaM.2","action":"ProcessGetUpdates", "result":"Done", "context":{"dataType":"Preferences", "deleted":"0", "process_failed_to_decrypt":"0", "process_pending_decryption":"0", "process_success":"60", "total":"60"}}
{"logTime": "0520/042337", "correlationVector":"34YjeoFd06o/mYVDipuqaM.3","action":"ProcessGetUpdates", "result":"Done", "context":{"dataType":"Device Info", "deleted":"0", "process_failed_to_decrypt":"0", "process_pending_decryption":"0", "process_success":"34", "total":"34"}}
{"logTime": "0520/042337", "correlationVector":"34YjeoFd06o/mYVDipuqaM.4","action":"GetUpdates Response", "result":"Success", "context":Received 94 update(s). cV=34YjeoFd06o/mYVDipuqaM.0;server=akswtt00400001u;cloudType=Consumer;environment=Prod_northcentralus_prod-s01-050-nam-northcentralus;migrationStage=NotStarted}
{"logTime": "0520/042337", "correlationVector":"S1uAvg6dA1m8YDyvuQ0adi","action":"SyncServerConnectionManagerRequest", "result":"SYNC_SERVER_ERROR", "context":{"environment":"", "error_type":"http_status_code", "error_value":"400", "migrationStage":"", "server":""}}
{"logTime": "0520/042337", "correlationVector":"GcsUaIXlhwmtQmFdQgPCq4","action":"Initial GetUpdates", "result":"", "context":Reason: NEW_CLIENT. cV=GcsUaIXlhwmtQmFdQgPCq4}
{"logTime": "0520/042337", "correlationVector":"GcsUaIXlhwmtQmFdQgPCq4.1","action":"SyncServerConnectionManagerRequest", "result":"SYNC_SERVER_OK", "context":{"environment":"Prod_northcentralus_prod-s01-050-nam-northcentralus", "migrationStage":"NotStarted", "server":"akswtt00400001g"}}
{"logTime": "0520/042337", "correlationVector":"GcsUaIXlhwmtQmFdQgPCq4.2","action":"ProcessGetUpdates", "result":"Done", "context":{"dataType":"Bookmarks", "deleted":"0", "process_failed_to_decrypt":"0", "process_pending_decryption":"0", "process_success":"6", "total":"6"}}
{"logTime": "0520/042337", "correlationVector":"GcsUaIXlhwmtQmFdQgPCq4.3","action":"GetUpdates Response", "result":"Success", "context":Received 6 update(s). cV=GcsUaIXlhwmtQmFdQgPCq4.0;server=akswtt00400001g;cloudType=Consumer;environment=Prod_northcentralus_prod-s01-050-nam-northcentralus;migrationStage=NotStarted}
{"logTime": "0520/042337", "correlationVector":"COiGxisBKvBiWyXG34effM","action":"SyncServerConnectionManagerRequest", "result":"SYNC_SERVER_ERROR", "context":{"environment":"", "error_type":"http_status_code", "error_value":"400", "migrationStage":"", "server":""}}
{"logTime": "0520/042337", "correlationVector":"vnYtQqbZyzwbV/XkyG8Wpp","action":"Initial GetUpdates", "result":"", "context":Reason: NEW_CLIENT. cV=vnYtQqbZyzwbV/XkyG8Wpp}
{"logTime": "0520/042337", "correlationVector":"vnYtQqbZyzwbV/XkyG8Wpp.1","action":"SyncServerConnectionManagerRequest", "result":"SYNC_SERVER_OK", "context":{"environment":"Prod_northcentralus_prod-s01-050-nam-northcentralus", "migrationStage":"NotStarted", "server":"akswtt004000017"}}
{"logTime": "0520/042337", "correlationVector":"vnYtQqbZyzwbV/XkyG8Wpp.2","action":"ProcessGetUpdates", "result":"Done", "context":{"dataType":"Extensions", "deleted":"0", "process_failed_to_decrypt":"0", "process_pending_decryption":"0", "process_success":"1", "total":"1"}}
{"logTime": "0520/042337", "correlationVector":"vnYtQqbZyzwbV/XkyG8Wpp.3","action":"ProcessGetUpdates", "result":"Done", "context":{"dataType":"Sessions", "deleted":"0", "process_failed_to_decrypt":"0", "process_pending_decryption":"0", "process_success":"73", "total":"73"}}
{"logTime": "0520/042337", "correlationVector":"vnYtQqbZyzwbV/XkyG8Wpp.4","action":"ProcessGetUpdates", "result":"Done", "context":{"dataType":"Edge Hub App Usage", "deleted":"0", "process_failed_to_decrypt":"0", "process_pending_decryption":"0", "process_success":"1", "total":"1"}}
{"logTime": "0520/042337", "correlationVector":"vnYtQqbZyzwbV/XkyG8Wpp.5","action":"GetUpdates Response", "result":"Success", "context":Received 75 update(s). cV=vnYtQqbZyzwbV/XkyG8Wpp.0;server=akswtt004000017;cloudType=Consumer;environment=Prod_northcentralus_prod-s01-050-nam-northcentralus;migrationStage=NotStarted}
{"logTime": "0520/042338", "correlationVector":"aazMDfpXTLa7oFj3czv/uK","action":"SyncServerConnectionManagerRequest", "result":"SYNC_SERVER_ERROR", "context":{"environment":"", "error_type":"http_status_code", "error_value":"400", "migrationStage":"", "server":""}}
{"logTime": "0520/042338", "correlationVector":"7R7LTZ8NSUd9VP609UFRV9","action":"Initial GetUpdates", "result":"", "context":Reason: NEW_CLIENT. cV=7R7LTZ8NSUd9VP609UFRV9}
{"logTime": "0520/042338", "correlationVector":"7R7LTZ8NSUd9VP609UFRV9.1","action":"SyncServerConnectionManagerRequest", "result":"SYNC_SERVER_OK", "context":{"environment":"Prod_northcentralus_prod-s01-050-nam-northcentralus", "migrationStage":"NotStarted", "server":"akswtt00400001o"}}
{"logTime": "0520/042338", "correlationVector":"7R7LTZ8NSUd9VP609UFRV9.2","action":"ProcessGetUpdates", "result":"Done", "context":{"dataType":"History", "deleted":"0", "process_failed_to_decrypt":"0", "process_pending_decryption":"0", "process_success":"12", "total":"12"}}
{"logTime": "0520/042338", "correlationVector":"7R7LTZ8NSUd9VP609UFRV9.3","action":"GetUpdates Response", "result":"Success", "context":Received 12 update(s). cV=7R7LTZ8NSUd9VP609UFRV9.0;server=akswtt00400001o;cloudType=Consumer;environment=Prod_northcentralus_prod-s01-050-nam-northcentralus;migrationStage=NotStarted}
{"logTime": "0520/042338", "correlationVector":"d5W7HzRxZn4iZhLeYwnABY","action":"Normal GetUpdate request", "result":"", "context":cV=d5W7HzRxZn4iZhLeYwnABY
Nudged types: Sessions, Device Info, User Consents
Refresh requested types: Bookmarks, Preferences, Extensions, Sessions, Extension settings, History Delete Directives, Device Info, User Consents, Send Tab To Self, Web Apps, History, Saved Tab Group, WebAuthn Credentials, Collection, Edge E Drop, Edge Hub App Usage, Edge Wallet, Edge Workspace, Encryption Keys}
{"logTime": "0520/042338", "correlationVector":"d5W7HzRxZn4iZhLeYwnABY.1","action":"SyncServerConnectionManagerRequest", "result":"SYNC_SERVER_OK", "context":{"environment":"Prod_northcentralus_prod-s01-050-nam-northcentralus", "migrationStage":"NotStarted", "server":"akswtt00400001l"}}
{"logTime": "0520/042338", "correlationVector":"d5W7HzRxZn4iZhLeYwnABY.2","action":"GetUpdates Response", "result":"Success", "context":Received 0 update(s). cV=d5W7HzRxZn4iZhLeYwnABY.0;server=akswtt00400001l;cloudType=Consumer;environment=Prod_northcentralus_prod-s01-050-nam-northcentralus;migrationStage=NotStarted}
{"logTime": "0520/042338", "correlationVector":"7wiQ3wYB9me1wdNq7ekE7S","action":"DoCompareDataConsistency requsted types: ", "result":"Bookmarks, Preferences, Extensions, Extension settings, History Delete Directives, Send Tab To Self, Web Apps, History, Saved Tab Group, WebAuthn Credentials, Collection, Edge E Drop, Edge Wallet, Edge Workspace, Encryption Keys"}
{"logTime": "0520/042338", "correlationVector":"7wiQ3wYB9me1wdNq7ekE7S.0","action":"CompareDataConsistency result: ", "result":"Compare result: Encryption Keys is consistent. local entities count is: 1 local entities hash is: Mk3f9G61zob4AtQznuP0zgJ7PMk="}
{"logTime": "0520/042338", "correlationVector":"7wiQ3wYB9me1wdNq7ekE7S.1","action":"CompareDataConsistency result: ", "result":"Compare result: Bookmarks is consistent. local entities count is: 0 local entities hash is: "}
{"logTime": "0520/042338", "correlationVector":"7wiQ3wYB9me1wdNq7ekE7S.2","action":"CompareDataConsistency result: ", "result":"Compare result: Preferences is consistent. local entities count is: 60 local entities hash is: Fp5zCcUnViZjDyQ6Ti4EGMxnWB0="}
{"logTime": "0520/042338", "correlationVector":"7wiQ3wYB9me1wdNq7ekE7S.3","action":"CompareDataConsistency result: ", "result":"Compare result: Extensions is consistent. local entities count is: 1 local entities hash is: CGTYRLULByZAZbo4Q3NjUyEMv+U="}
{"logTime": "0520/042338", "correlationVector":"7wiQ3wYB9me1wdNq7ekE7S.4","action":"CompareDataConsistency result: ", "result":"Compare result: Extension settings is consistent. local entities count is: 0 local entities hash is: "}
{"logTime": "0520/042338", "correlationVector":"7wiQ3wYB9me1wdNq7ekE7S.5","action":"CompareDataConsistency result: ", "result":"Compare result: History Delete Directives is consistent. local entities count is: 0 local entities hash is: "}
{"logTime": "0520/042338", "correlationVector":"7wiQ3wYB9me1wdNq7ekE7S.6","action":"CompareDataConsistency result: ", "result":"Server did not send this Send Tab To Self local entities count is: 0 local entities hash is: "}
{"logTime": "0520/042338", "correlationVector":"7wiQ3wYB9me1wdNq7ekE7S.7","action":"CompareDataConsistency result: ", "result":"Compare result: Web Apps is consistent. local entities count is: 0 local entities hash is: "}
{"logTime": "0520/042338", "correlationVector":"7wiQ3wYB9me1wdNq7ekE7S.8","action":"CompareDataConsistency result: ", "result":"Server did not send this History local entities count is: 0 local entities hash is: "}
{"logTime": "0520/042338", "correlationVector":"7wiQ3wYB9me1wdNq7ekE7S.9","action":"CompareDataConsistency result: ", "result":"Compare result: Saved Tab Group is consistent. local entities count is: 0 local entities hash is: "}
{"logTime": "0520/042338", "correlationVector":"7wiQ3wYB9me1wdNq7ekE7S.10","action":"CompareDataConsistency result: ", "result":"Server did not send this WebAuthn Credentials local entities count is: 0 local entities hash is: "}
{"logTime": "0520/042338", "correlationVector":"7wiQ3wYB9me1wdNq7ekE7S.11","action":"CompareDataConsistency result: ", "result":"Compare result: Collection is consistent. local entities count is: 0 local entities hash is: "}
{"logTime": "0520/042338", "correlationVector":"7wiQ3wYB9me1wdNq7ekE7S.12","action":"CompareDataConsistency result: ", "result":"Compare result: Edge E Drop is consistent. local entities count is: 0 local entities hash is: "}
{"logTime": "0520/042338", "correlationVector":"7wiQ3wYB9me1wdNq7ekE7S.13","action":"CompareDataConsistency result: ", "result":"Compare result: Edge Wallet is consistent. local entities count is: 0 local entities hash is: "}
{"logTime": "0520/042338", "correlationVector":"7wiQ3wYB9me1wdNq7ekE7S.14","action":"CompareDataConsistency result: ", "result":"Server did not send this Edge Workspace local entities count is: 0 local entities hash is: "}
{"logTime": "0520/042338", "correlationVector":"U+qHx8Z38mRqhBbc963clD","action":"Commit Request", "result":"", "context":Item count: 4
Contributing types: Sessions, Device Info, User Consents}
{"logTime": "0520/042338", "correlationVector":"U+qHx8Z38mRqhBbc963clD.1","action":"SyncServerConnectionManagerRequest", "result":"SYNC_SERVER_OK", "context":{"environment":"Prod_northcentralus_prod-s01-050-nam-northcentralus", "migrationStage":"NotStarted", "server":"akswtt00400001o"}}
{"logTime": "0520/042338", "correlationVector":"U+qHx8Z38mRqhBbc963clD.2","action":"Commit Response", "result":"Success", "context":Result: Success. cV=U+qHx8Z38mRqhBbc963clD.0;server=akswtt00400001o;cloudType=Consumer;environment=Prod_northcentralus_prod-s01-050-nam-northcentralus;migrationStage=NotStarted}
{"logTime": "0520/042338", "correlationVector":"","action":"DIAGNOSTIC_REQUEST|v1/diagnosticData/Diagnostic.SendCheckResult()|SUCCESS", "result":""}
{"logTime": "0520/042339", "correlationVector":"4s3JaDwF6740HALY976lDk","action":"Normal GetUpdate request", "result":"", "context":cV=4s3JaDwF6740HALY976lDk
Refresh requested types: Encryption Keys}
{"logTime": "0520/042339", "correlationVector":"4s3JaDwF6740HALY976lDk.1","action":"SyncServerConnectionManagerRequest", "result":"SYNC_SERVER_OK", "context":{"environment":"Prod_northcentralus_prod-s01-050-nam-northcentralus", "migrationStage":"NotStarted", "server":"akswtt00400001a"}}
{"logTime": "0520/042339", "correlationVector":"4s3JaDwF6740HALY976lDk.2","action":"ProcessGetUpdates", "result":"Done", "context":{"dataType":"Sessions", "deleted":"0", "process_failed_to_decrypt":"0", "process_pending_decryption":"0", "process_success":"2", "total":"2"}}
{"logTime": "0520/042339", "correlationVector":"4s3JaDwF6740HALY976lDk.3","action":"ProcessGetUpdates", "result":"Done", "context":{"dataType":"Device Info", "deleted":"0", "process_failed_to_decrypt":"0", "process_pending_decryption":"0", "process_success":"1", "total":"1"}}
{"logTime": "0520/042339", "correlationVector":"4s3JaDwF6740HALY976lDk.4","action":"GetUpdates Response", "result":"Success", "context":Received 3 update(s). cV=4s3JaDwF6740HALY976lDk.0;server=akswtt00400001a;cloudType=Consumer;environment=Prod_northcentralus_prod-s01-050-nam-northcentralus;migrationStage=NotStarted}
{"logTime": "0520/042339", "correlationVector":"YFyFV5DZ6mJOFQtEjsg2U6","action":"SyncServerConnectionManagerRequest", "result":"SYNC_SERVER_ERROR", "context":{"environment":"", "error_type":"http_status_code", "error_value":"400", "migrationStage":"", "server":""}}
{"logTime": "0520/042344", "correlationVector":"SkgUS58Ux1cd2XNLh5u/n6","action":"Normal GetUpdate request", "result":"", "context":cV=SkgUS58Ux1cd2XNLh5u/n6
Refresh requested types: Encryption Keys}
{"logTime": "0520/042344", "correlationVector":"SkgUS58Ux1cd2XNLh5u/n6.1","action":"SyncServerConnectionManagerRequest", "result":"SYNC_SERVER_OK", "context":{"environment":"Prod_northcentralus_prod-s01-050-nam-northcentralus", "migrationStage":"NotStarted", "server":"akswtt00400001m"}}
{"logTime": "0520/042344", "correlationVector":"SkgUS58Ux1cd2XNLh5u/n6.2","action":"GetUpdates Response", "result":"Success", "context":Received 0 update(s). cV=SkgUS58Ux1cd2XNLh5u/n6.0;server=akswtt00400001m;cloudType=Consumer;environment=Prod_northcentralus_prod-s01-050-nam-northcentralus;migrationStage=NotStarted}
{"logTime": "0520/042345", "correlationVector":"B5E8j8PsYKB/hX/6pwiQ8u","action":"SyncServerConnectionManagerRequest", "result":"SYNC_SERVER_OK", "context":{"environment":"", "migrationStage":"", "server":""}}
{"logTime": "0520/042345", "correlationVector":"B5E8j8PsYKB/hX/6pwiQ8u.0","action":"EncryptionKeysFetcher.DownloadKeys:", "result":"Success", "context":Key count: 3, Last key timestamp: 2026-03-12T18:39:28Z}
{"logTime": "0520/042345", "correlationVector":"B5E8j8PsYKB/hX/6pwiQ8u.1","action":"EncryptionKeysManager::SetEncryptionKeys:", "result":"Success", "context":Key names[3]:[y4LLCN2/MFeDf2QS5LtrUpkpRCXzQ0ZR95MPTEjdJEiyfGeNEtCrQO+/JoOBxxwFdlncEpd/x9HAPdZ6qMiQ8g==][jj2KSGKg3B0n+LnHltr5vIR3UzV7j0Dh/hfQZE1l44+H9AE0yeHG6b5dXUAAIbxYzjFuR+o5Mx/I4hMYI9+fZw==][RxFoP+YFmCOk9dbd669UBKu7sAScJVfpnOnhWYHRv3JbZE+tvjx2PBrKBk9qYXYpTOnpeQCOKXKy1LU6it71OQ==]}
{"logTime": "0520/042345", "correlationVector":"B5E8j8PsYKB/hX/6pwiQ8u.2","action":"EncryptionKeysManager::SetEncryptionKeysWithTimestamps:", "result":"Success", "context":Key timestamps[3]:[2024-12-15T03:24:17Z][2025-07-01T16:05:14Z][2026-03-12T18:39:28Z]}
{"logTime": "0520/042345", "correlationVector":"+4lz73Mg3epQowQVFJEIZc","action":"Initial GetUpdates", "result":"", "context":Reason: NEWLY_SUPPORTED_DATATYPE. cV=+4lz73Mg3epQowQVFJEIZc}
{"logTime": "0520/042345", "correlationVector":"+4lz73Mg3epQowQVFJEIZc.1","action":"SyncServerConnectionManagerRequest", "result":"SYNC_SERVER_OK", "context":{"environment":"Prod_northcentralus_prod-s01-050-nam-northcentralus", "migrationStage":"NotStarted", "server":"akswtt00400001p"}}
{"logTime": "0520/042345", "correlationVector":"+4lz73Mg3epQowQVFJEIZc.2","action":"ProcessGetUpdates", "result":"Done", "context":{"dataType":"Passwords", "deleted":"8", "process_failed_to_decrypt":"0", "process_pending_decryption":"0", "process_success":"9", "total":"9"}}
{"logTime": "0520/042345", "correlationVector":"+4lz73Mg3epQowQVFJEIZc.3","action":"GetUpdates Response", "result":"Success", "context":Received 9 update(s). cV=+4lz73Mg3epQowQVFJEIZc.0;server=akswtt00400001p;cloudType=Consumer;environment=Prod_northcentralus_prod-s01-050-nam-northcentralus;migrationStage=NotStarted}
{"logTime": "0520/042345", "correlationVector":"U8XXZ0SgFHyzNFxXevWWcJ","action":"Initial GetUpdates", "result":"", "context":Reason: NEWLY_SUPPORTED_DATATYPE. cV=U8XXZ0SgFHyzNFxXevWWcJ}
{"logTime": "0520/042345", "correlationVector":"U8XXZ0SgFHyzNFxXevWWcJ.1","action":"SyncServerConnectionManagerRequest", "result":"SYNC_SERVER_OK", "context":{"environment":"Prod_northcentralus_prod-s01-050-nam-northcentralus", "migrationStage":"NotStarted", "server":"akswtt00400001a"}}
{"logTime": "0520/042345", "correlationVector":"U8XXZ0SgFHyzNFxXevWWcJ.2","action":"ProcessGetUpdates", "result":"Done", "context":{"dataType":"Autofill Profiles", "deleted":"0", "process_failed_to_decrypt":"0", "process_pending_decryption":"0", "process_success":"2", "total":"2"}}
{"logTime": "0520/042345", "correlationVector":"U8XXZ0SgFHyzNFxXevWWcJ.3","action":"ProcessGetUpdates", "result":"Done", "context":{"dataType":"Autofill", "deleted":"0", "process_failed_to_decrypt":"0", "process_pending_decryption":"0", "process_success":"11", "total":"11"}}
{"logTime": "0520/042345", "correlationVector":"U8XXZ0SgFHyzNFxXevWWcJ.4","action":"GetUpdates Response", "result":"Success", "context":Received 13 update(s). cV=U8XXZ0SgFHyzNFxXevWWcJ.0;server=akswtt00400001a;cloudType=Consumer;environment=Prod_northcentralus_prod-s01-050-nam-northcentralus;migrationStage=NotStarted}
{"logTime": "0520/042345", "correlationVector":"43TCPTzkX2jttn+mUrspJV","action":"Normal GetUpdate request", "result":"", "context":cV=43TCPTzkX2jttn+mUrspJV
Refresh requested types: Bookmarks, Preferences, Passwords, Autofill Profiles, Autofill, Extensions, Sessions, Extension settings, History Delete Directives, Device Info, User Consents, Send Tab To Self, Web Apps, History, Saved Tab Group, WebAuthn Credentials, Collection, Edge E Drop, Edge Hub App Usage, Edge Wallet, Edge Workspace, Encryption Keys}
{"logTime": "0520/042345", "correlationVector":"43TCPTzkX2jttn+mUrspJV.1","action":"SyncServerConnectionManagerRequest", "result":"SYNC_SERVER_OK", "context":{"environment":"Prod_northcentralus_prod-s01-050-nam-northcentralus", "migrationStage":"NotStarted", "server":"akswtt00400001p"}}
{"logTime": "0520/042345", "correlationVector":"43TCPTzkX2jttn+mUrspJV.2","action":"GetUpdates Response", "result":"Success", "context":Received 0 update(s). cV=43TCPTzkX2jttn+mUrspJV.0;server=akswtt00400001p;cloudType=Consumer;environment=Prod_northcentralus_prod-s01-050-nam-northcentralus;migrationStage=NotStarted}
