{"logTime": "0520/041840", "correlationVector":"oAjzHZr5WCk85rp+JE64ia.1","action":"SyncServerConnectionManagerRequest", "result":"SYNC_SERVER_OK", "context":{"environment":"Prod_northcentralus_prod-s01-050-nam-northcentralus", "migrationStage":"NotStarted", "server":"akswtt00400001j"}}
{"logTime": "0520/041840", "correlationVector":"oAjzHZr5WCk85rp+JE64ia.2","action":"ProcessGetUpdates", "result":"Done", "context":{"dataType":"Encryption Keys", "deleted":"0", "process_failed_to_decrypt":"0", "process_pending_decryption":"0", "process_success":"1", "total":"1"}}
{"logTime": "0520/041841", "correlationVector":"SlzyWv46B9ly6uRwU5oYBF","action":"SyncServerConnectionManagerRequest", "result":"SYNC_SERVER_OK", "context":{"environment":"", "migrationStage":"", "server":""}}
{"logTime": "0520/041841", "correlationVector":"SlzyWv46B9ly6uRwU5oYBF.0","action":"EncryptionKeysFetcher.DownloadKeys:", "result":"Success", "context":Key count: 3, Last key timestamp: 2026-03-12T18:39:28Z}
{"logTime": "0520/041841", "correlationVector":"SlzyWv46B9ly6uRwU5oYBF.1","action":"EncryptionKeysManager::SetEncryptionKeys:", "result":"Success", "context":Key names[3]:[y4LLCN2/MFeDf2QS5LtrUpkpRCXzQ0ZR95MPTEjdJEiyfGeNEtCrQO+/JoOBxxwFdlncEpd/x9HAPdZ6qMiQ8g==][jj2KSGKg3B0n+LnHltr5vIR3UzV7j0Dh/hfQZE1l44+H9AE0yeHG6b5dXUAAIbxYzjFuR+o5Mx/I4hMYI9+fZw==][RxFoP+YFmCOk9dbd669UBKu7sAScJVfpnOnhWYHRv3JbZE+tvjx2PBrKBk9qYXYpTOnpeQCOKXKy1LU6it71OQ==]}
{"logTime": "0520/041841", "correlationVector":"SlzyWv46B9ly6uRwU5oYBF.2","action":"EncryptionKeysManager::SetEncryptionKeysWithTimestamps:", "result":"Success", "context":Key timestamps[3]:[2024-12-15T03:24:17Z][2025-07-01T16:05:14Z][2026-03-12T18:39:28Z]}
{"logTime": "0520/041841", "correlationVector":"oAjzHZr5WCk85rp+JE64ia","action":"Initial GetUpdates", "result":"", "context":Reason: NEW_CLIENT. cV=oAjzHZr5WCk85rp+JE64ia}
{"logTime": "0520/041841", "correlationVector":"oAjzHZr5WCk85rp+JE64ia.3","action":"GetUpdates Response", "result":"Success", "context":Received 1 update(s). cV=oAjzHZr5WCk85rp+JE64ia.0;server=akswtt00400001j;cloudType=Consumer;environment=Prod_northcentralus_prod-s01-050-nam-northcentralus;migrationStage=NotStarted}
{"logTime": "0520/041841", "correlationVector":"BW8ptED0fZ/GcYozCvDum1","action":"Initial GetUpdates", "result":"", "context":Reason: NEWLY_SUPPORTED_DATATYPE. cV=BW8ptED0fZ/GcYozCvDum1}
{"logTime": "0520/041841", "correlationVector":"BW8ptED0fZ/GcYozCvDum1.1","action":"SyncServerConnectionManagerRequest", "result":"SYNC_SERVER_OK", "context":{"environment":"Prod_northcentralus_prod-s01-050-nam-northcentralus", "migrationStage":"NotStarted", "server":"akswtt00400001p"}}
{"logTime": "0520/041841", "correlationVector":"BW8ptED0fZ/GcYozCvDum1.2","action":"ProcessGetUpdates", "result":"Done", "context":{"dataType":"Preferences", "deleted":"0", "process_failed_to_decrypt":"0", "process_pending_decryption":"0", "process_success":"60", "total":"60"}}
{"logTime": "0520/041841", "correlationVector":"BW8ptED0fZ/GcYozCvDum1.3","action":"ProcessGetUpdates", "result":"Done", "context":{"dataType":"Passwords", "deleted":"8", "process_failed_to_decrypt":"0", "process_pending_decryption":"0", "process_success":"9", "total":"9"}}
{"logTime": "0520/041841", "correlationVector":"BW8ptED0fZ/GcYozCvDum1.4","action":"ProcessGetUpdates", "result":"Done", "context":{"dataType":"Device Info", "deleted":"0", "process_failed_to_decrypt":"0", "process_pending_decryption":"0", "process_success":"30", "total":"30"}}
{"logTime": "0520/041841", "correlationVector":"BW8ptED0fZ/GcYozCvDum1.5","action":"GetUpdates Response", "result":"Success", "context":Received 99 update(s). cV=BW8ptED0fZ/GcYozCvDum1.0;server=akswtt00400001p;cloudType=Consumer;environment=Prod_northcentralus_prod-s01-050-nam-northcentralus;migrationStage=NotStarted}
{"logTime": "0520/041841", "correlationVector":"8YyigURyiQoQkvUZbeCU8w","action":"Initial GetUpdates", "result":"", "context":Reason: NEWLY_SUPPORTED_DATATYPE. cV=8YyigURyiQoQkvUZbeCU8w}
{"logTime": "0520/041841", "correlationVector":"8YyigURyiQoQkvUZbeCU8w.1","action":"SyncServerConnectionManagerRequest", "result":"SYNC_SERVER_OK", "context":{"environment":"Prod_northcentralus_prod-s01-050-nam-northcentralus", "migrationStage":"NotStarted", "server":"akswtt00400001q"}}
{"logTime": "0520/041841", "correlationVector":"8YyigURyiQoQkvUZbeCU8w.2","action":"ProcessGetUpdates", "result":"Done", "context":{"dataType":"Bookmarks", "deleted":"0", "process_failed_to_decrypt":"0", "process_pending_decryption":"0", "process_success":"6", "total":"6"}}
{"logTime": "0520/041841", "correlationVector":"8YyigURyiQoQkvUZbeCU8w.3","action":"GetUpdates Response", "result":"Success", "context":Received 6 update(s). cV=8YyigURyiQoQkvUZbeCU8w.0;server=akswtt00400001q;cloudType=Consumer;environment=Prod_northcentralus_prod-s01-050-nam-northcentralus;migrationStage=NotStarted}
{"logTime": "0520/041841", "correlationVector":"/61g7UBrmsG5wdLv9dZivL","action":"Initial GetUpdates", "result":"", "context":Reason: NEWLY_SUPPORTED_DATATYPE. cV=/61g7UBrmsG5wdLv9dZivL}
{"logTime": "0520/041841", "correlationVector":"/61g7UBrmsG5wdLv9dZivL.1","action":"SyncServerConnectionManagerRequest", "result":"SYNC_SERVER_OK", "context":{"environment":"Prod_northcentralus_prod-s01-050-nam-northcentralus", "migrationStage":"NotStarted", "server":"akswtt00400001v"}}
{"logTime": "0520/041841", "correlationVector":"/61g7UBrmsG5wdLv9dZivL.2","action":"ProcessGetUpdates", "result":"Done", "context":{"dataType":"Autofill Profiles", "deleted":"0", "process_failed_to_decrypt":"0", "process_pending_decryption":"0", "process_success":"2", "total":"2"}}
{"logTime": "0520/041841", "correlationVector":"/61g7UBrmsG5wdLv9dZivL.3","action":"ProcessGetUpdates", "result":"Done", "context":{"dataType":"Autofill", "deleted":"0", "process_failed_to_decrypt":"0", "process_pending_decryption":"0", "process_success":"11", "total":"11"}}
{"logTime": "0520/041841", "correlationVector":"/61g7UBrmsG5wdLv9dZivL.4","action":"ProcessGetUpdates", "result":"Done", "context":{"dataType":"Extensions", "deleted":"0", "process_failed_to_decrypt":"0", "process_pending_decryption":"0", "process_success":"1", "total":"1"}}
{"logTime": "0520/041841", "correlationVector":"/61g7UBrmsG5wdLv9dZivL.5","action":"ProcessGetUpdates", "result":"Done", "context":{"dataType":"Sessions", "deleted":"0", "process_failed_to_decrypt":"0", "process_pending_decryption":"0", "process_success":"65", "total":"65"}}
{"logTime": "0520/041841", "correlationVector":"/61g7UBrmsG5wdLv9dZivL.6","action":"ProcessGetUpdates", "result":"Done", "context":{"dataType":"Edge Hub App Usage", "deleted":"0", "process_failed_to_decrypt":"0", "process_pending_decryption":"0", "process_success":"1", "total":"1"}}
{"logTime": "0520/041841", "correlationVector":"/61g7UBrmsG5wdLv9dZivL.7","action":"GetUpdates Response", "result":"Success", "context":Received 80 update(s). cV=/61g7UBrmsG5wdLv9dZivL.0;server=akswtt00400001v;cloudType=Consumer;environment=Prod_northcentralus_prod-s01-050-nam-northcentralus;migrationStage=NotStarted}
{"logTime": "0520/041841", "correlationVector":"NZMuIshbC7YPvMC5YXVEL3","action":"Initial GetUpdates", "result":"", "context":Reason: NEWLY_SUPPORTED_DATATYPE. cV=NZMuIshbC7YPvMC5YXVEL3}
{"logTime": "0520/041841", "correlationVector":"NZMuIshbC7YPvMC5YXVEL3.1","action":"SyncServerConnectionManagerRequest", "result":"SYNC_SERVER_OK", "context":{"environment":"Prod_northcentralus_prod-s01-050-nam-northcentralus", "migrationStage":"NotStarted", "server":"akswtt00400001v"}}
{"logTime": "0520/041841", "correlationVector":"NZMuIshbC7YPvMC5YXVEL3.2","action":"ProcessGetUpdates", "result":"Done", "context":{"dataType":"History", "deleted":"0", "process_failed_to_decrypt":"0", "process_pending_decryption":"0", "process_success":"12", "total":"12"}}
{"logTime": "0520/041841", "correlationVector":"NZMuIshbC7YPvMC5YXVEL3.3","action":"GetUpdates Response", "result":"Success", "context":Received 12 update(s). cV=NZMuIshbC7YPvMC5YXVEL3.0;server=akswtt00400001v;cloudType=Consumer;environment=Prod_northcentralus_prod-s01-050-nam-northcentralus;migrationStage=NotStarted}
{"logTime": "0520/041841", "correlationVector":"DhMZjHAhpmiGlblp6wzXgq","action":"Normal GetUpdate request", "result":"", "context":cV=DhMZjHAhpmiGlblp6wzXgq
Nudged types: Sessions, Device Info, User Consents
Refresh requested types: Bookmarks, Preferences, Passwords, Autofill Profiles, Autofill, Extensions, Sessions, Extension settings, History Delete Directives, Device Info, User Consents, Send Tab To Self, Web Apps, History, Saved Tab Group, WebAuthn Credentials, Collection, Edge E Drop, Edge Hub App Usage, Edge Wallet, Edge Workspace, Encryption Keys}
{"logTime": "0520/041841", "correlationVector":"DhMZjHAhpmiGlblp6wzXgq.1","action":"SyncServerConnectionManagerRequest", "result":"SYNC_SERVER_OK", "context":{"environment":"Prod_northcentralus_prod-s01-050-nam-northcentralus", "migrationStage":"NotStarted", "server":"akswtt00400001p"}}
{"logTime": "0520/041841", "correlationVector":"DhMZjHAhpmiGlblp6wzXgq.2","action":"GetUpdates Response", "result":"Success", "context":Received 0 update(s). cV=DhMZjHAhpmiGlblp6wzXgq.0;server=akswtt00400001p;cloudType=Consumer;environment=Prod_northcentralus_prod-s01-050-nam-northcentralus;migrationStage=NotStarted}
{"logTime": "0520/041841", "correlationVector":"kAL3i228nSySE5hvabevVN","action":"DoCompareDataConsistency requsted types: ", "result":"Bookmarks, Preferences, Passwords, Extensions, Extension settings, History Delete Directives, Send Tab To Self, Web Apps, History, Saved Tab Group, WebAuthn Credentials, Collection, Edge E Drop, Edge Wallet, Edge Workspace, Encryption Keys"}
{"logTime": "0520/041841", "correlationVector":"kAL3i228nSySE5hvabevVN.0","action":"CompareDataConsistency result: ", "result":"Compare result: Encryption Keys is consistent. local entities count is: 1 local entities hash is: Mk3f9G61zob4AtQznuP0zgJ7PMk="}
{"logTime": "0520/041841", "correlationVector":"kAL3i228nSySE5hvabevVN.1","action":"CompareDataConsistency result: ", "result":"Compare result: Bookmarks is consistent. local entities count is: 0 local entities hash is: "}
{"logTime": "0520/041841", "correlationVector":"kAL3i228nSySE5hvabevVN.2","action":"CompareDataConsistency result: ", "result":"Compare result: Preferences is consistent. local entities count is: 60 local entities hash is: Fp5zCcUnViZjDyQ6Ti4EGMxnWB0="}
{"logTime": "0520/041841", "correlationVector":"kAL3i228nSySE5hvabevVN.3","action":"CompareDataConsistency result: ", "result":"Compare result: Extensions is consistent. local entities count is: 1 local entities hash is: CGTYRLULByZAZbo4Q3NjUyEMv+U="}
{"logTime": "0520/041841", "correlationVector":"kAL3i228nSySE5hvabevVN.4","action":"CompareDataConsistency result: ", "result":"Compare result: Extension settings is consistent. local entities count is: 0 local entities hash is: "}
{"logTime": "0520/041841", "correlationVector":"kAL3i228nSySE5hvabevVN.5","action":"CompareDataConsistency result: ", "result":"Compare result: History Delete Directives is consistent. local entities count is: 0 local entities hash is: "}
{"logTime": "0520/041841", "correlationVector":"kAL3i228nSySE5hvabevVN.6","action":"CompareDataConsistency result: ", "result":"Server did not send this Send Tab To Self local entities count is: 0 local entities hash is: "}
{"logTime": "0520/041841", "correlationVector":"kAL3i228nSySE5hvabevVN.7","action":"CompareDataConsistency result: ", "result":"Compare result: Web Apps is consistent. local entities count is: 0 local entities hash is: "}
{"logTime": "0520/041841", "correlationVector":"kAL3i228nSySE5hvabevVN.8","action":"CompareDataConsistency result: ", "result":"Server did not send this History local entities count is: 0 local entities hash is: "}
{"logTime": "0520/041841", "correlationVector":"kAL3i228nSySE5hvabevVN.9","action":"CompareDataConsistency result: ", "result":"Compare result: Saved Tab Group is consistent. local entities count is: 0 local entities hash is: "}
{"logTime": "0520/041841", "correlationVector":"kAL3i228nSySE5hvabevVN.10","action":"CompareDataConsistency result: ", "result":"Server did not send this WebAuthn Credentials local entities count is: 0 local entities hash is: "}
{"logTime": "0520/041841", "correlationVector":"kAL3i228nSySE5hvabevVN.11","action":"CompareDataConsistency result: ", "result":"Compare result: Collection is consistent. local entities count is: 0 local entities hash is: "}
{"logTime": "0520/041841", "correlationVector":"kAL3i228nSySE5hvabevVN.12","action":"CompareDataConsistency result: ", "result":"Compare result: Edge E Drop is consistent. local entities count is: 0 local entities hash is: "}
{"logTime": "0520/041841", "correlationVector":"kAL3i228nSySE5hvabevVN.13","action":"CompareDataConsistency result: ", "result":"Compare result: Edge Wallet is consistent. local entities count is: 0 local entities hash is: "}
{"logTime": "0520/041841", "correlationVector":"kAL3i228nSySE5hvabevVN.14","action":"CompareDataConsistency result: ", "result":"Server did not send this Edge Workspace local entities count is: 0 local entities hash is: "}
{"logTime": "0520/041841", "correlationVector":"kAL3i228nSySE5hvabevVN.15","action":"CompareDataConsistency result: ", "result":"Compare result: Passwords is consistent. local entities count is: 1 local entities hash is: aCO/0pyPnu901/Lls23/DqNKIXc="}
{"logTime": "0520/041841", "correlationVector":"r6wExAucLtoEFUQzH08n2a","action":"Commit Request", "result":"", "context":Item count: 4
Contributing types: Sessions, Device Info, User Consents}
{"logTime": "0520/041842", "correlationVector":"r6wExAucLtoEFUQzH08n2a.1","action":"SyncServerConnectionManagerRequest", "result":"SYNC_SERVER_OK", "context":{"environment":"Prod_northcentralus_prod-s01-050-nam-northcentralus", "migrationStage":"NotStarted", "server":"akswtt00400001t"}}
{"logTime": "0520/041842", "correlationVector":"r6wExAucLtoEFUQzH08n2a.2","action":"Commit Response", "result":"Success", "context":Result: Success. cV=r6wExAucLtoEFUQzH08n2a.0;server=akswtt00400001t;cloudType=Consumer;environment=Prod_northcentralus_prod-s01-050-nam-northcentralus;migrationStage=NotStarted}
{"logTime": "0520/041842", "correlationVector":"","action":"DIAGNOSTIC_REQUEST|v1/diagnosticData/Diagnostic.SendCheckResult()|SUCCESS", "result":""}
