{"logTime": "0520/123128", "correlationVector":"bWAAtS5z2AZnJ4hCurt0ER.1","action":"SyncServerConnectionManagerRequest", "result":"SYNC_SERVER_OK", "context":{"environment":"Prod_centralus_prod-s01-068-nam-centralus", "migrationStage":"NotStarted", "server":"akswtt00400002h"}}
{"logTime": "0520/123128", "correlationVector":"bWAAtS5z2AZnJ4hCurt0ER.2","action":"ProcessGetUpdates", "result":"Done", "context":{"dataType":"Encryption Keys", "deleted":"0", "process_failed_to_decrypt":"0", "process_pending_decryption":"0", "process_success":"1", "total":"1"}}
{"logTime": "0520/123128", "correlationVector":"sCLPNn3IQ59JNOkp+ZtRE1","action":"SyncServerConnectionManagerRequest", "result":"SYNC_SERVER_OK", "context":{"environment":"", "migrationStage":"", "server":""}}
{"logTime": "0520/123128", "correlationVector":"sCLPNn3IQ59JNOkp+ZtRE1.0","action":"EncryptionKeysFetcher.DownloadKeys:", "result":"Success", "context":Key count: 3, Last key timestamp: 2026-03-12T18:39:28Z}
{"logTime": "0520/123128", "correlationVector":"sCLPNn3IQ59JNOkp+ZtRE1.1","action":"EncryptionKeysManager::SetEncryptionKeys:", "result":"Success", "context":Key names[3]:[y4LLCN2/MFeDf2QS5LtrUpkpRCXzQ0ZR95MPTEjdJEiyfGeNEtCrQO+/JoOBxxwFdlncEpd/x9HAPdZ6qMiQ8g==][jj2KSGKg3B0n+LnHltr5vIR3UzV7j0Dh/hfQZE1l44+H9AE0yeHG6b5dXUAAIbxYzjFuR+o5Mx/I4hMYI9+fZw==][RxFoP+YFmCOk9dbd669UBKu7sAScJVfpnOnhWYHRv3JbZE+tvjx2PBrKBk9qYXYpTOnpeQCOKXKy1LU6it71OQ==]}
{"logTime": "0520/123128", "correlationVector":"sCLPNn3IQ59JNOkp+ZtRE1.2","action":"EncryptionKeysManager::SetEncryptionKeysWithTimestamps:", "result":"Success", "context":Key timestamps[3]:[2024-12-15T03:24:17Z][2025-07-01T16:05:14Z][2026-03-12T18:39:28Z]}
{"logTime": "0520/123128", "correlationVector":"bWAAtS5z2AZnJ4hCurt0ER","action":"Initial GetUpdates", "result":"", "context":Reason: NEW_CLIENT. cV=bWAAtS5z2AZnJ4hCurt0ER}
{"logTime": "0520/123128", "correlationVector":"bWAAtS5z2AZnJ4hCurt0ER.3","action":"GetUpdates Response", "result":"Success", "context":Received 1 update(s). cV=bWAAtS5z2AZnJ4hCurt0ER.0;server=akswtt00400002h;cloudType=Consumer;environment=Prod_centralus_prod-s01-068-nam-centralus;migrationStage=NotStarted}
{"logTime": "0520/123128", "correlationVector":"TA8xCS3D9tonfmKIxV1UZi","action":"Initial GetUpdates", "result":"", "context":Reason: NEWLY_SUPPORTED_DATATYPE. cV=TA8xCS3D9tonfmKIxV1UZi}
{"logTime": "0520/123129", "correlationVector":"TA8xCS3D9tonfmKIxV1UZi.1","action":"SyncServerConnectionManagerRequest", "result":"SYNC_SERVER_OK", "context":{"environment":"Prod_centralus_prod-s01-068-nam-centralus", "migrationStage":"NotStarted", "server":"akswtt00400002h"}}
{"logTime": "0520/123129", "correlationVector":"TA8xCS3D9tonfmKIxV1UZi.2","action":"ProcessGetUpdates", "result":"Done", "context":{"dataType":"Preferences", "deleted":"0", "process_failed_to_decrypt":"0", "process_pending_decryption":"0", "process_success":"60", "total":"60"}}
{"logTime": "0520/123129", "correlationVector":"TA8xCS3D9tonfmKIxV1UZi.3","action":"ProcessGetUpdates", "result":"Done", "context":{"dataType":"Passwords", "deleted":"8", "process_failed_to_decrypt":"0", "process_pending_decryption":"0", "process_success":"9", "total":"9"}}
{"logTime": "0520/123129", "correlationVector":"TA8xCS3D9tonfmKIxV1UZi.4","action":"ProcessGetUpdates", "result":"Done", "context":{"dataType":"Device Info", "deleted":"0", "process_failed_to_decrypt":"0", "process_pending_decryption":"0", "process_success":"36", "total":"36"}}
{"logTime": "0520/123129", "correlationVector":"TA8xCS3D9tonfmKIxV1UZi.5","action":"GetUpdates Response", "result":"Success", "context":Received 105 update(s). cV=TA8xCS3D9tonfmKIxV1UZi.0;server=akswtt00400002h;cloudType=Consumer;environment=Prod_centralus_prod-s01-068-nam-centralus;migrationStage=NotStarted}
{"logTime": "0520/123129", "correlationVector":"/ZPaJHXdqpfRSL8MPM/QDa","action":"Initial GetUpdates", "result":"", "context":Reason: NEWLY_SUPPORTED_DATATYPE. cV=/ZPaJHXdqpfRSL8MPM/QDa}
{"logTime": "0520/123129", "correlationVector":"/ZPaJHXdqpfRSL8MPM/QDa.1","action":"SyncServerConnectionManagerRequest", "result":"SYNC_SERVER_OK", "context":{"environment":"Prod_centralus_prod-s01-068-nam-centralus", "migrationStage":"NotStarted", "server":"akswtt00400001s"}}
{"logTime": "0520/123129", "correlationVector":"/ZPaJHXdqpfRSL8MPM/QDa.2","action":"ProcessGetUpdates", "result":"Done", "context":{"dataType":"Bookmarks", "deleted":"0", "process_failed_to_decrypt":"0", "process_pending_decryption":"0", "process_success":"6", "total":"6"}}
{"logTime": "0520/123129", "correlationVector":"/ZPaJHXdqpfRSL8MPM/QDa.3","action":"GetUpdates Response", "result":"Success", "context":Received 6 update(s). cV=/ZPaJHXdqpfRSL8MPM/QDa.0;server=akswtt00400001s;cloudType=Consumer;environment=Prod_centralus_prod-s01-068-nam-centralus;migrationStage=NotStarted}
{"logTime": "0520/123129", "correlationVector":"wMdX5hX1p8P68ZPtg3Jq6k","action":"Initial GetUpdates", "result":"", "context":Reason: NEWLY_SUPPORTED_DATATYPE. cV=wMdX5hX1p8P68ZPtg3Jq6k}
{"logTime": "0520/123129", "correlationVector":"wMdX5hX1p8P68ZPtg3Jq6k.1","action":"SyncServerConnectionManagerRequest", "result":"SYNC_SERVER_OK", "context":{"environment":"Prod_centralus_prod-s01-068-nam-centralus", "migrationStage":"NotStarted", "server":"akswtt004000020"}}
{"logTime": "0520/123129", "correlationVector":"wMdX5hX1p8P68ZPtg3Jq6k.2","action":"ProcessGetUpdates", "result":"Done", "context":{"dataType":"Autofill Profiles", "deleted":"0", "process_failed_to_decrypt":"0", "process_pending_decryption":"0", "process_success":"2", "total":"2"}}
{"logTime": "0520/123129", "correlationVector":"wMdX5hX1p8P68ZPtg3Jq6k.3","action":"ProcessGetUpdates", "result":"Done", "context":{"dataType":"Autofill", "deleted":"0", "process_failed_to_decrypt":"0", "process_pending_decryption":"0", "process_success":"11", "total":"11"}}
{"logTime": "0520/123129", "correlationVector":"wMdX5hX1p8P68ZPtg3Jq6k.4","action":"ProcessGetUpdates", "result":"Done", "context":{"dataType":"Extensions", "deleted":"0", "process_failed_to_decrypt":"0", "process_pending_decryption":"0", "process_success":"1", "total":"1"}}
{"logTime": "0520/123129", "correlationVector":"wMdX5hX1p8P68ZPtg3Jq6k.5","action":"ProcessGetUpdates", "result":"Done", "context":{"dataType":"Sessions", "deleted":"0", "process_failed_to_decrypt":"0", "process_pending_decryption":"0", "process_success":"77", "total":"77"}}
{"logTime": "0520/123129", "correlationVector":"wMdX5hX1p8P68ZPtg3Jq6k.6","action":"ProcessGetUpdates", "result":"Done", "context":{"dataType":"Edge Hub App Usage", "deleted":"0", "process_failed_to_decrypt":"0", "process_pending_decryption":"0", "process_success":"1", "total":"1"}}
{"logTime": "0520/123129", "correlationVector":"wMdX5hX1p8P68ZPtg3Jq6k.7","action":"GetUpdates Response", "result":"Success", "context":Received 92 update(s). cV=wMdX5hX1p8P68ZPtg3Jq6k.0;server=akswtt004000020;cloudType=Consumer;environment=Prod_centralus_prod-s01-068-nam-centralus;migrationStage=NotStarted}
{"logTime": "0520/123129", "correlationVector":"9h+bk0dXyXStqao+BAwnnP","action":"Initial GetUpdates", "result":"", "context":Reason: NEWLY_SUPPORTED_DATATYPE. cV=9h+bk0dXyXStqao+BAwnnP}
{"logTime": "0520/123129", "correlationVector":"9h+bk0dXyXStqao+BAwnnP.1","action":"SyncServerConnectionManagerRequest", "result":"SYNC_SERVER_OK", "context":{"environment":"Prod_centralus_prod-s01-068-nam-centralus", "migrationStage":"NotStarted", "server":"akswtt00400002h"}}
{"logTime": "0520/123129", "correlationVector":"9h+bk0dXyXStqao+BAwnnP.2","action":"ProcessGetUpdates", "result":"Done", "context":{"dataType":"History", "deleted":"0", "process_failed_to_decrypt":"0", "process_pending_decryption":"0", "process_success":"12", "total":"12"}}
{"logTime": "0520/123129", "correlationVector":"9h+bk0dXyXStqao+BAwnnP.3","action":"GetUpdates Response", "result":"Success", "context":Received 12 update(s). cV=9h+bk0dXyXStqao+BAwnnP.0;server=akswtt00400002h;cloudType=Consumer;environment=Prod_centralus_prod-s01-068-nam-centralus;migrationStage=NotStarted}
{"logTime": "0520/123129", "correlationVector":"/TVtfiIoPoLw76CpC+0sWk","action":"Normal GetUpdate request", "result":"", "context":cV=/TVtfiIoPoLw76CpC+0sWk
Nudged types: Sessions, Device Info, User Consents
Refresh requested types: Bookmarks, Preferences, Passwords, Autofill Profiles, Autofill, Extensions, Sessions, Extension settings, History Delete Directives, Device Info, User Consents, Send Tab To Self, Web Apps, History, Saved Tab Group, WebAuthn Credentials, Collection, Edge E Drop, Edge Hub App Usage, Edge Wallet, Edge Workspace, Encryption Keys}
{"logTime": "0520/123130", "correlationVector":"/TVtfiIoPoLw76CpC+0sWk.1","action":"SyncServerConnectionManagerRequest", "result":"SYNC_SERVER_OK", "context":{"environment":"Prod_centralus_prod-s01-068-nam-centralus", "migrationStage":"NotStarted", "server":"akswtt00400002h"}}
{"logTime": "0520/123130", "correlationVector":"/TVtfiIoPoLw76CpC+0sWk.2","action":"GetUpdates Response", "result":"Success", "context":Received 0 update(s). cV=/TVtfiIoPoLw76CpC+0sWk.0;server=akswtt00400002h;cloudType=Consumer;environment=Prod_centralus_prod-s01-068-nam-centralus;migrationStage=NotStarted}
{"logTime": "0520/123130", "correlationVector":"YCqBA2PDZ33sMDHeY4BEEP","action":"DoCompareDataConsistency requsted types: ", "result":"Bookmarks, Preferences, Passwords, Extensions, Extension settings, History Delete Directives, Send Tab To Self, Web Apps, History, Saved Tab Group, WebAuthn Credentials, Collection, Edge E Drop, Edge Wallet, Edge Workspace, Encryption Keys"}
{"logTime": "0520/123130", "correlationVector":"YCqBA2PDZ33sMDHeY4BEEP.0","action":"CompareDataConsistency result: ", "result":"Compare result: Encryption Keys is consistent. local entities count is: 1 local entities hash is: Mk3f9G61zob4AtQznuP0zgJ7PMk="}
{"logTime": "0520/123130", "correlationVector":"YCqBA2PDZ33sMDHeY4BEEP.1","action":"CompareDataConsistency result: ", "result":"Compare result: Bookmarks is consistent. local entities count is: 0 local entities hash is: "}
{"logTime": "0520/123130", "correlationVector":"YCqBA2PDZ33sMDHeY4BEEP.2","action":"CompareDataConsistency result: ", "result":"Compare result: Preferences is consistent. local entities count is: 60 local entities hash is: Fp5zCcUnViZjDyQ6Ti4EGMxnWB0="}
{"logTime": "0520/123130", "correlationVector":"YCqBA2PDZ33sMDHeY4BEEP.3","action":"CompareDataConsistency result: ", "result":"Compare result: Extensions is consistent. local entities count is: 1 local entities hash is: CGTYRLULByZAZbo4Q3NjUyEMv+U="}
{"logTime": "0520/123130", "correlationVector":"YCqBA2PDZ33sMDHeY4BEEP.4","action":"CompareDataConsistency result: ", "result":"Compare result: Extension settings is consistent. local entities count is: 0 local entities hash is: "}
{"logTime": "0520/123130", "correlationVector":"YCqBA2PDZ33sMDHeY4BEEP.5","action":"CompareDataConsistency result: ", "result":"Compare result: History Delete Directives is consistent. local entities count is: 0 local entities hash is: "}
{"logTime": "0520/123130", "correlationVector":"YCqBA2PDZ33sMDHeY4BEEP.6","action":"CompareDataConsistency result: ", "result":"Server did not send this Send Tab To Self local entities count is: 0 local entities hash is: "}
{"logTime": "0520/123130", "correlationVector":"YCqBA2PDZ33sMDHeY4BEEP.7","action":"CompareDataConsistency result: ", "result":"Compare result: Web Apps is consistent. local entities count is: 0 local entities hash is: "}
{"logTime": "0520/123130", "correlationVector":"YCqBA2PDZ33sMDHeY4BEEP.8","action":"CompareDataConsistency result: ", "result":"Server did not send this History local entities count is: 0 local entities hash is: "}
{"logTime": "0520/123130", "correlationVector":"YCqBA2PDZ33sMDHeY4BEEP.9","action":"CompareDataConsistency result: ", "result":"Compare result: Saved Tab Group is consistent. local entities count is: 0 local entities hash is: "}
{"logTime": "0520/123130", "correlationVector":"YCqBA2PDZ33sMDHeY4BEEP.10","action":"CompareDataConsistency result: ", "result":"Server did not send this WebAuthn Credentials local entities count is: 0 local entities hash is: "}
{"logTime": "0520/123130", "correlationVector":"YCqBA2PDZ33sMDHeY4BEEP.11","action":"CompareDataConsistency result: ", "result":"Compare result: Collection is consistent. local entities count is: 0 local entities hash is: "}
{"logTime": "0520/123130", "correlationVector":"YCqBA2PDZ33sMDHeY4BEEP.12","action":"CompareDataConsistency result: ", "result":"Compare result: Edge E Drop is consistent. local entities count is: 0 local entities hash is: "}
{"logTime": "0520/123130", "correlationVector":"YCqBA2PDZ33sMDHeY4BEEP.13","action":"CompareDataConsistency result: ", "result":"Compare result: Edge Wallet is consistent. local entities count is: 0 local entities hash is: "}
{"logTime": "0520/123130", "correlationVector":"YCqBA2PDZ33sMDHeY4BEEP.14","action":"CompareDataConsistency result: ", "result":"Server did not send this Edge Workspace local entities count is: 0 local entities hash is: "}
{"logTime": "0520/123130", "correlationVector":"YCqBA2PDZ33sMDHeY4BEEP.15","action":"CompareDataConsistency result: ", "result":"Compare result: Passwords is consistent. local entities count is: 1 local entities hash is: aCO/0pyPnu901/Lls23/DqNKIXc="}
{"logTime": "0520/123130", "correlationVector":"1WBQBUB0gcy7tS6XkN6mO9","action":"Commit Request", "result":"", "context":Item count: 4
Contributing types: Sessions, Device Info, User Consents}
