{"logTime": "0520/041927", "correlationVector":"4er4h2qzjpPkdwfvJynf9w.1","action":"SyncServerConnectionManagerRequest", "result":"SYNC_SERVER_OK", "context":{"environment":"Prod_northcentralus_prod-s01-050-nam-northcentralus", "migrationStage":"NotStarted", "server":"akswtt00400001j"}}
{"logTime": "0520/041927", "correlationVector":"4er4h2qzjpPkdwfvJynf9w.2","action":"ProcessGetUpdates", "result":"Done", "context":{"dataType":"Encryption Keys", "deleted":"0", "process_failed_to_decrypt":"0", "process_pending_decryption":"0", "process_success":"1", "total":"1"}}
{"logTime": "0520/041928", "correlationVector":"0rjENzUX6Mk5ZvPVkw1MHq","action":"SyncServerConnectionManagerRequest", "result":"SYNC_SERVER_OK", "context":{"environment":"", "migrationStage":"", "server":""}}
{"logTime": "0520/041928", "correlationVector":"0rjENzUX6Mk5ZvPVkw1MHq.0","action":"EncryptionKeysFetcher.DownloadKeys:", "result":"Success", "context":Key count: 3, Last key timestamp: 2026-03-12T18:39:28Z}
{"logTime": "0520/041928", "correlationVector":"0rjENzUX6Mk5ZvPVkw1MHq.1","action":"EncryptionKeysManager::SetEncryptionKeys:", "result":"Success", "context":Key names[3]:[y4LLCN2/MFeDf2QS5LtrUpkpRCXzQ0ZR95MPTEjdJEiyfGeNEtCrQO+/JoOBxxwFdlncEpd/x9HAPdZ6qMiQ8g==][jj2KSGKg3B0n+LnHltr5vIR3UzV7j0Dh/hfQZE1l44+H9AE0yeHG6b5dXUAAIbxYzjFuR+o5Mx/I4hMYI9+fZw==][RxFoP+YFmCOk9dbd669UBKu7sAScJVfpnOnhWYHRv3JbZE+tvjx2PBrKBk9qYXYpTOnpeQCOKXKy1LU6it71OQ==]}
{"logTime": "0520/041928", "correlationVector":"0rjENzUX6Mk5ZvPVkw1MHq.2","action":"EncryptionKeysManager::SetEncryptionKeysWithTimestamps:", "result":"Success", "context":Key timestamps[3]:[2024-12-15T03:24:17Z][2025-07-01T16:05:14Z][2026-03-12T18:39:28Z]}
{"logTime": "0520/041928", "correlationVector":"4er4h2qzjpPkdwfvJynf9w","action":"Initial GetUpdates", "result":"", "context":Reason: NEW_CLIENT. cV=4er4h2qzjpPkdwfvJynf9w}
{"logTime": "0520/041928", "correlationVector":"4er4h2qzjpPkdwfvJynf9w.3","action":"GetUpdates Response", "result":"Success", "context":Received 1 update(s). cV=4er4h2qzjpPkdwfvJynf9w.0;server=akswtt00400001j;cloudType=Consumer;environment=Prod_northcentralus_prod-s01-050-nam-northcentralus;migrationStage=NotStarted}
{"logTime": "0520/041928", "correlationVector":"i+uxnkPbSfOjFQMCoksnQ8","action":"Initial GetUpdates", "result":"", "context":Reason: NEWLY_SUPPORTED_DATATYPE. cV=i+uxnkPbSfOjFQMCoksnQ8}
{"logTime": "0520/041928", "correlationVector":"i+uxnkPbSfOjFQMCoksnQ8.1","action":"SyncServerConnectionManagerRequest", "result":"SYNC_SERVER_OK", "context":{"environment":"Prod_northcentralus_prod-s01-050-nam-northcentralus", "migrationStage":"NotStarted", "server":"akswtt00400001j"}}
{"logTime": "0520/041928", "correlationVector":"i+uxnkPbSfOjFQMCoksnQ8.2","action":"ProcessGetUpdates", "result":"Done", "context":{"dataType":"Preferences", "deleted":"0", "process_failed_to_decrypt":"0", "process_pending_decryption":"0", "process_success":"60", "total":"60"}}
{"logTime": "0520/041928", "correlationVector":"i+uxnkPbSfOjFQMCoksnQ8.3","action":"ProcessGetUpdates", "result":"Done", "context":{"dataType":"Passwords", "deleted":"8", "process_failed_to_decrypt":"0", "process_pending_decryption":"0", "process_success":"9", "total":"9"}}
{"logTime": "0520/041928", "correlationVector":"i+uxnkPbSfOjFQMCoksnQ8.4","action":"ProcessGetUpdates", "result":"Done", "context":{"dataType":"Device Info", "deleted":"0", "process_failed_to_decrypt":"0", "process_pending_decryption":"0", "process_success":"31", "total":"31"}}
{"logTime": "0520/041928", "correlationVector":"i+uxnkPbSfOjFQMCoksnQ8.5","action":"GetUpdates Response", "result":"Success", "context":Received 100 update(s). cV=i+uxnkPbSfOjFQMCoksnQ8.0;server=akswtt00400001j;cloudType=Consumer;environment=Prod_northcentralus_prod-s01-050-nam-northcentralus;migrationStage=NotStarted}
{"logTime": "0520/041928", "correlationVector":"3TtXIv1IvuyYC3ARXJTU51","action":"Initial GetUpdates", "result":"", "context":Reason: NEWLY_SUPPORTED_DATATYPE. cV=3TtXIv1IvuyYC3ARXJTU51}
{"logTime": "0520/041928", "correlationVector":"3TtXIv1IvuyYC3ARXJTU51.1","action":"SyncServerConnectionManagerRequest", "result":"SYNC_SERVER_OK", "context":{"environment":"Prod_northcentralus_prod-s01-050-nam-northcentralus", "migrationStage":"NotStarted", "server":"akswtt00400001m"}}
{"logTime": "0520/041928", "correlationVector":"3TtXIv1IvuyYC3ARXJTU51.2","action":"ProcessGetUpdates", "result":"Done", "context":{"dataType":"Bookmarks", "deleted":"0", "process_failed_to_decrypt":"0", "process_pending_decryption":"0", "process_success":"6", "total":"6"}}
{"logTime": "0520/041928", "correlationVector":"3TtXIv1IvuyYC3ARXJTU51.3","action":"GetUpdates Response", "result":"Success", "context":Received 6 update(s). cV=3TtXIv1IvuyYC3ARXJTU51.0;server=akswtt00400001m;cloudType=Consumer;environment=Prod_northcentralus_prod-s01-050-nam-northcentralus;migrationStage=NotStarted}
{"logTime": "0520/041928", "correlationVector":"i01ZytPkgR9mHaHGhPC0Am","action":"Initial GetUpdates", "result":"", "context":Reason: NEWLY_SUPPORTED_DATATYPE. cV=i01ZytPkgR9mHaHGhPC0Am}
{"logTime": "0520/041928", "correlationVector":"i01ZytPkgR9mHaHGhPC0Am.1","action":"SyncServerConnectionManagerRequest", "result":"SYNC_SERVER_OK", "context":{"environment":"Prod_northcentralus_prod-s01-050-nam-northcentralus", "migrationStage":"NotStarted", "server":"akswtt00400001m"}}
{"logTime": "0520/041928", "correlationVector":"i01ZytPkgR9mHaHGhPC0Am.2","action":"ProcessGetUpdates", "result":"Done", "context":{"dataType":"Autofill Profiles", "deleted":"0", "process_failed_to_decrypt":"0", "process_pending_decryption":"0", "process_success":"2", "total":"2"}}
{"logTime": "0520/041928", "correlationVector":"i01ZytPkgR9mHaHGhPC0Am.3","action":"ProcessGetUpdates", "result":"Done", "context":{"dataType":"Autofill", "deleted":"0", "process_failed_to_decrypt":"0", "process_pending_decryption":"0", "process_success":"11", "total":"11"}}
{"logTime": "0520/041928", "correlationVector":"i01ZytPkgR9mHaHGhPC0Am.4","action":"ProcessGetUpdates", "result":"Done", "context":{"dataType":"Extensions", "deleted":"0", "process_failed_to_decrypt":"0", "process_pending_decryption":"0", "process_success":"1", "total":"1"}}
{"logTime": "0520/041928", "correlationVector":"i01ZytPkgR9mHaHGhPC0Am.5","action":"ProcessGetUpdates", "result":"Done", "context":{"dataType":"Sessions", "deleted":"0", "process_failed_to_decrypt":"0", "process_pending_decryption":"0", "process_success":"67", "total":"67"}}
{"logTime": "0520/041928", "correlationVector":"i01ZytPkgR9mHaHGhPC0Am.6","action":"ProcessGetUpdates", "result":"Done", "context":{"dataType":"Edge Hub App Usage", "deleted":"0", "process_failed_to_decrypt":"0", "process_pending_decryption":"0", "process_success":"1", "total":"1"}}
{"logTime": "0520/041928", "correlationVector":"i01ZytPkgR9mHaHGhPC0Am.7","action":"GetUpdates Response", "result":"Success", "context":Received 82 update(s). cV=i01ZytPkgR9mHaHGhPC0Am.0;server=akswtt00400001m;cloudType=Consumer;environment=Prod_northcentralus_prod-s01-050-nam-northcentralus;migrationStage=NotStarted}
{"logTime": "0520/041928", "correlationVector":"pkOESDUNGdR5ggxC3E4LPs","action":"Initial GetUpdates", "result":"", "context":Reason: NEWLY_SUPPORTED_DATATYPE. cV=pkOESDUNGdR5ggxC3E4LPs}
{"logTime": "0520/041928", "correlationVector":"pkOESDUNGdR5ggxC3E4LPs.1","action":"SyncServerConnectionManagerRequest", "result":"SYNC_SERVER_OK", "context":{"environment":"Prod_northcentralus_prod-s01-050-nam-northcentralus", "migrationStage":"NotStarted", "server":"akswtt00400001l"}}
{"logTime": "0520/041928", "correlationVector":"pkOESDUNGdR5ggxC3E4LPs.2","action":"ProcessGetUpdates", "result":"Done", "context":{"dataType":"History", "deleted":"0", "process_failed_to_decrypt":"0", "process_pending_decryption":"0", "process_success":"12", "total":"12"}}
{"logTime": "0520/041928", "correlationVector":"pkOESDUNGdR5ggxC3E4LPs.3","action":"GetUpdates Response", "result":"Success", "context":Received 12 update(s). cV=pkOESDUNGdR5ggxC3E4LPs.0;server=akswtt00400001l;cloudType=Consumer;environment=Prod_northcentralus_prod-s01-050-nam-northcentralus;migrationStage=NotStarted}
{"logTime": "0520/041928", "correlationVector":"Ox8P2YVVb3QcX+1O8J12g3","action":"Normal GetUpdate request", "result":"", "context":cV=Ox8P2YVVb3QcX+1O8J12g3
Nudged types: Sessions, Device Info, User Consents
Refresh requested types: Bookmarks, Preferences, Passwords, Autofill Profiles, Autofill, Extensions, Sessions, Extension settings, History Delete Directives, Device Info, User Consents, Send Tab To Self, Web Apps, History, Saved Tab Group, WebAuthn Credentials, Collection, Edge E Drop, Edge Hub App Usage, Edge Wallet, Edge Workspace, Encryption Keys}
{"logTime": "0520/041928", "correlationVector":"Ox8P2YVVb3QcX+1O8J12g3.1","action":"SyncServerConnectionManagerRequest", "result":"SYNC_SERVER_OK", "context":{"environment":"Prod_northcentralus_prod-s01-050-nam-northcentralus", "migrationStage":"NotStarted", "server":"akswtt00400001r"}}
{"logTime": "0520/041928", "correlationVector":"Ox8P2YVVb3QcX+1O8J12g3.2","action":"GetUpdates Response", "result":"Success", "context":Received 0 update(s). cV=Ox8P2YVVb3QcX+1O8J12g3.0;server=akswtt00400001r;cloudType=Consumer;environment=Prod_northcentralus_prod-s01-050-nam-northcentralus;migrationStage=NotStarted}
{"logTime": "0520/041928", "correlationVector":"qfo5Z0D9kMEj1Mr6NwetDV","action":"DoCompareDataConsistency requsted types: ", "result":"Bookmarks, Preferences, Passwords, Extensions, Extension settings, History Delete Directives, Send Tab To Self, Web Apps, History, Saved Tab Group, WebAuthn Credentials, Collection, Edge E Drop, Edge Wallet, Edge Workspace, Encryption Keys"}
{"logTime": "0520/041928", "correlationVector":"qfo5Z0D9kMEj1Mr6NwetDV.0","action":"CompareDataConsistency result: ", "result":"Compare result: Encryption Keys is consistent. local entities count is: 1 local entities hash is: Mk3f9G61zob4AtQznuP0zgJ7PMk="}
{"logTime": "0520/041928", "correlationVector":"qfo5Z0D9kMEj1Mr6NwetDV.1","action":"CompareDataConsistency result: ", "result":"Compare result: Bookmarks is consistent. local entities count is: 0 local entities hash is: "}
{"logTime": "0520/041928", "correlationVector":"qfo5Z0D9kMEj1Mr6NwetDV.2","action":"CompareDataConsistency result: ", "result":"Compare result: Preferences is consistent. local entities count is: 60 local entities hash is: Fp5zCcUnViZjDyQ6Ti4EGMxnWB0="}
{"logTime": "0520/041928", "correlationVector":"qfo5Z0D9kMEj1Mr6NwetDV.3","action":"CompareDataConsistency result: ", "result":"Compare result: Extensions is consistent. local entities count is: 1 local entities hash is: CGTYRLULByZAZbo4Q3NjUyEMv+U="}
{"logTime": "0520/041928", "correlationVector":"qfo5Z0D9kMEj1Mr6NwetDV.4","action":"CompareDataConsistency result: ", "result":"Compare result: Extension settings is consistent. local entities count is: 0 local entities hash is: "}
{"logTime": "0520/041928", "correlationVector":"qfo5Z0D9kMEj1Mr6NwetDV.5","action":"CompareDataConsistency result: ", "result":"Compare result: History Delete Directives is consistent. local entities count is: 0 local entities hash is: "}
{"logTime": "0520/041928", "correlationVector":"qfo5Z0D9kMEj1Mr6NwetDV.6","action":"CompareDataConsistency result: ", "result":"Server did not send this Send Tab To Self local entities count is: 0 local entities hash is: "}
{"logTime": "0520/041928", "correlationVector":"qfo5Z0D9kMEj1Mr6NwetDV.7","action":"CompareDataConsistency result: ", "result":"Compare result: Web Apps is consistent. local entities count is: 0 local entities hash is: "}
{"logTime": "0520/041928", "correlationVector":"qfo5Z0D9kMEj1Mr6NwetDV.8","action":"CompareDataConsistency result: ", "result":"Server did not send this History local entities count is: 0 local entities hash is: "}
{"logTime": "0520/041928", "correlationVector":"qfo5Z0D9kMEj1Mr6NwetDV.9","action":"CompareDataConsistency result: ", "result":"Compare result: Saved Tab Group is consistent. local entities count is: 0 local entities hash is: "}
{"logTime": "0520/041928", "correlationVector":"qfo5Z0D9kMEj1Mr6NwetDV.10","action":"CompareDataConsistency result: ", "result":"Server did not send this WebAuthn Credentials local entities count is: 0 local entities hash is: "}
{"logTime": "0520/041928", "correlationVector":"qfo5Z0D9kMEj1Mr6NwetDV.11","action":"CompareDataConsistency result: ", "result":"Compare result: Collection is consistent. local entities count is: 0 local entities hash is: "}
{"logTime": "0520/041928", "correlationVector":"qfo5Z0D9kMEj1Mr6NwetDV.12","action":"CompareDataConsistency result: ", "result":"Compare result: Edge E Drop is consistent. local entities count is: 0 local entities hash is: "}
{"logTime": "0520/041928", "correlationVector":"qfo5Z0D9kMEj1Mr6NwetDV.13","action":"CompareDataConsistency result: ", "result":"Compare result: Edge Wallet is consistent. local entities count is: 0 local entities hash is: "}
{"logTime": "0520/041928", "correlationVector":"qfo5Z0D9kMEj1Mr6NwetDV.14","action":"CompareDataConsistency result: ", "result":"Server did not send this Edge Workspace local entities count is: 0 local entities hash is: "}
{"logTime": "0520/041928", "correlationVector":"qfo5Z0D9kMEj1Mr6NwetDV.15","action":"CompareDataConsistency result: ", "result":"Compare result: Passwords is consistent. local entities count is: 1 local entities hash is: aCO/0pyPnu901/Lls23/DqNKIXc="}
{"logTime": "0520/041928", "correlationVector":"fMYpHmqWYzoH8+wtDPkqQu","action":"Commit Request", "result":"", "context":Item count: 4
Contributing types: Sessions, Device Info, User Consents}
{"logTime": "0520/041928", "correlationVector":"fMYpHmqWYzoH8+wtDPkqQu.1","action":"SyncServerConnectionManagerRequest", "result":"SYNC_SERVER_OK", "context":{"environment":"Prod_northcentralus_prod-s01-050-nam-northcentralus", "migrationStage":"NotStarted", "server":"akswtt00400001g"}}
{"logTime": "0520/041928", "correlationVector":"fMYpHmqWYzoH8+wtDPkqQu.2","action":"Commit Response", "result":"Success", "context":Result: Success. cV=fMYpHmqWYzoH8+wtDPkqQu.0;server=akswtt00400001g;cloudType=Consumer;environment=Prod_northcentralus_prod-s01-050-nam-northcentralus;migrationStage=NotStarted}
{"logTime": "0520/041928", "correlationVector":"","action":"DIAGNOSTIC_REQUEST|v1/diagnosticData/Diagnostic.SendCheckResult()|SUCCESS", "result":""}
