{"logTime": "0520/042159", "correlationVector":"0olemuBsipltskYyEPepdi.1","action":"SyncServerConnectionManagerRequest", "result":"SYNC_SERVER_OK", "context":{"environment":"Prod_northcentralus_prod-s01-050-nam-northcentralus", "migrationStage":"NotStarted", "server":"akswtt00400001n"}}
{"logTime": "0520/042159", "correlationVector":"0olemuBsipltskYyEPepdi.2","action":"ProcessGetUpdates", "result":"Done", "context":{"dataType":"Encryption Keys", "deleted":"0", "process_failed_to_decrypt":"0", "process_pending_decryption":"0", "process_success":"1", "total":"1"}}
{"logTime": "0520/042159", "correlationVector":"nTWQ42mFaPGzWSF4Y4iEH5","action":"SyncServerConnectionManagerRequest", "result":"SYNC_SERVER_OK", "context":{"environment":"", "migrationStage":"", "server":""}}
{"logTime": "0520/042159", "correlationVector":"nTWQ42mFaPGzWSF4Y4iEH5.0","action":"EncryptionKeysFetcher.DownloadKeys:", "result":"Success", "context":Key count: 3, Last key timestamp: 2026-03-12T18:39:28Z}
{"logTime": "0520/042159", "correlationVector":"nTWQ42mFaPGzWSF4Y4iEH5.1","action":"EncryptionKeysManager::SetEncryptionKeys:", "result":"Success", "context":Key names[3]:[y4LLCN2/MFeDf2QS5LtrUpkpRCXzQ0ZR95MPTEjdJEiyfGeNEtCrQO+/JoOBxxwFdlncEpd/x9HAPdZ6qMiQ8g==][jj2KSGKg3B0n+LnHltr5vIR3UzV7j0Dh/hfQZE1l44+H9AE0yeHG6b5dXUAAIbxYzjFuR+o5Mx/I4hMYI9+fZw==][RxFoP+YFmCOk9dbd669UBKu7sAScJVfpnOnhWYHRv3JbZE+tvjx2PBrKBk9qYXYpTOnpeQCOKXKy1LU6it71OQ==]}
{"logTime": "0520/042159", "correlationVector":"nTWQ42mFaPGzWSF4Y4iEH5.2","action":"EncryptionKeysManager::SetEncryptionKeysWithTimestamps:", "result":"Success", "context":Key timestamps[3]:[2024-12-15T03:24:17Z][2025-07-01T16:05:14Z][2026-03-12T18:39:28Z]}
{"logTime": "0520/042159", "correlationVector":"0olemuBsipltskYyEPepdi","action":"Initial GetUpdates", "result":"", "context":Reason: NEW_CLIENT. cV=0olemuBsipltskYyEPepdi}
{"logTime": "0520/042159", "correlationVector":"0olemuBsipltskYyEPepdi.3","action":"GetUpdates Response", "result":"Success", "context":Received 1 update(s). cV=0olemuBsipltskYyEPepdi.0;server=akswtt00400001n;cloudType=Consumer;environment=Prod_northcentralus_prod-s01-050-nam-northcentralus;migrationStage=NotStarted}
{"logTime": "0520/042159", "correlationVector":"+O6GfjYdw1Y5RpZ4TQPN4l","action":"Initial GetUpdates", "result":"", "context":Reason: NEWLY_SUPPORTED_DATATYPE. cV=+O6GfjYdw1Y5RpZ4TQPN4l}
{"logTime": "0520/042159", "correlationVector":"+O6GfjYdw1Y5RpZ4TQPN4l.1","action":"SyncServerConnectionManagerRequest", "result":"SYNC_SERVER_OK", "context":{"environment":"Prod_northcentralus_prod-s01-050-nam-northcentralus", "migrationStage":"NotStarted", "server":"akswtt00400001m"}}
{"logTime": "0520/042159", "correlationVector":"+O6GfjYdw1Y5RpZ4TQPN4l.2","action":"ProcessGetUpdates", "result":"Done", "context":{"dataType":"Preferences", "deleted":"0", "process_failed_to_decrypt":"0", "process_pending_decryption":"0", "process_success":"60", "total":"60"}}
{"logTime": "0520/042159", "correlationVector":"+O6GfjYdw1Y5RpZ4TQPN4l.3","action":"ProcessGetUpdates", "result":"Done", "context":{"dataType":"Passwords", "deleted":"8", "process_failed_to_decrypt":"0", "process_pending_decryption":"0", "process_success":"9", "total":"9"}}
{"logTime": "0520/042159", "correlationVector":"+O6GfjYdw1Y5RpZ4TQPN4l.4","action":"ProcessGetUpdates", "result":"Done", "context":{"dataType":"Device Info", "deleted":"0", "process_failed_to_decrypt":"0", "process_pending_decryption":"0", "process_success":"33", "total":"33"}}
{"logTime": "0520/042159", "correlationVector":"+O6GfjYdw1Y5RpZ4TQPN4l.5","action":"GetUpdates Response", "result":"Success", "context":Received 102 update(s). cV=+O6GfjYdw1Y5RpZ4TQPN4l.0;server=akswtt00400001m;cloudType=Consumer;environment=Prod_northcentralus_prod-s01-050-nam-northcentralus;migrationStage=NotStarted}
{"logTime": "0520/042159", "correlationVector":"8zf+hS5++DIpcVRa1jgWQ/","action":"Initial GetUpdates", "result":"", "context":Reason: NEWLY_SUPPORTED_DATATYPE. cV=8zf+hS5++DIpcVRa1jgWQ/}
{"logTime": "0520/042159", "correlationVector":"8zf+hS5++DIpcVRa1jgWQ/.1","action":"SyncServerConnectionManagerRequest", "result":"SYNC_SERVER_OK", "context":{"environment":"Prod_northcentralus_prod-s01-050-nam-northcentralus", "migrationStage":"NotStarted", "server":"akswtt00400001v"}}
{"logTime": "0520/042159", "correlationVector":"8zf+hS5++DIpcVRa1jgWQ/.2","action":"ProcessGetUpdates", "result":"Done", "context":{"dataType":"Bookmarks", "deleted":"0", "process_failed_to_decrypt":"0", "process_pending_decryption":"0", "process_success":"6", "total":"6"}}
{"logTime": "0520/042159", "correlationVector":"8zf+hS5++DIpcVRa1jgWQ/.3","action":"GetUpdates Response", "result":"Success", "context":Received 6 update(s). cV=8zf+hS5++DIpcVRa1jgWQ/.0;server=akswtt00400001v;cloudType=Consumer;environment=Prod_northcentralus_prod-s01-050-nam-northcentralus;migrationStage=NotStarted}
{"logTime": "0520/042159", "correlationVector":"8SenN1vre8vSio+TLEvZTl","action":"Initial GetUpdates", "result":"", "context":Reason: NEWLY_SUPPORTED_DATATYPE. cV=8SenN1vre8vSio+TLEvZTl}
{"logTime": "0520/042159", "correlationVector":"8SenN1vre8vSio+TLEvZTl.1","action":"SyncServerConnectionManagerRequest", "result":"SYNC_SERVER_OK", "context":{"environment":"Prod_northcentralus_prod-s01-050-nam-northcentralus", "migrationStage":"NotStarted", "server":"akswtt004000017"}}
{"logTime": "0520/042159", "correlationVector":"8SenN1vre8vSio+TLEvZTl.2","action":"ProcessGetUpdates", "result":"Done", "context":{"dataType":"Autofill Profiles", "deleted":"0", "process_failed_to_decrypt":"0", "process_pending_decryption":"0", "process_success":"2", "total":"2"}}
{"logTime": "0520/042159", "correlationVector":"8SenN1vre8vSio+TLEvZTl.3","action":"ProcessGetUpdates", "result":"Done", "context":{"dataType":"Autofill", "deleted":"0", "process_failed_to_decrypt":"0", "process_pending_decryption":"0", "process_success":"11", "total":"11"}}
{"logTime": "0520/042159", "correlationVector":"8SenN1vre8vSio+TLEvZTl.4","action":"ProcessGetUpdates", "result":"Done", "context":{"dataType":"Extensions", "deleted":"0", "process_failed_to_decrypt":"0", "process_pending_decryption":"0", "process_success":"1", "total":"1"}}
{"logTime": "0520/042159", "correlationVector":"8SenN1vre8vSio+TLEvZTl.5","action":"ProcessGetUpdates", "result":"Done", "context":{"dataType":"Sessions", "deleted":"0", "process_failed_to_decrypt":"0", "process_pending_decryption":"0", "process_success":"71", "total":"71"}}
{"logTime": "0520/042159", "correlationVector":"8SenN1vre8vSio+TLEvZTl.6","action":"ProcessGetUpdates", "result":"Done", "context":{"dataType":"Edge Hub App Usage", "deleted":"0", "process_failed_to_decrypt":"0", "process_pending_decryption":"0", "process_success":"1", "total":"1"}}
{"logTime": "0520/042159", "correlationVector":"8SenN1vre8vSio+TLEvZTl.7","action":"GetUpdates Response", "result":"Success", "context":Received 86 update(s). cV=8SenN1vre8vSio+TLEvZTl.0;server=akswtt004000017;cloudType=Consumer;environment=Prod_northcentralus_prod-s01-050-nam-northcentralus;migrationStage=NotStarted}
{"logTime": "0520/042159", "correlationVector":"RLDBLZE17WDc3BhxWJqi4u","action":"Initial GetUpdates", "result":"", "context":Reason: NEWLY_SUPPORTED_DATATYPE. cV=RLDBLZE17WDc3BhxWJqi4u}
{"logTime": "0520/042159", "correlationVector":"RLDBLZE17WDc3BhxWJqi4u.1","action":"SyncServerConnectionManagerRequest", "result":"SYNC_SERVER_OK", "context":{"environment":"Prod_northcentralus_prod-s01-050-nam-northcentralus", "migrationStage":"NotStarted", "server":"akswtt00400001o"}}
{"logTime": "0520/042159", "correlationVector":"RLDBLZE17WDc3BhxWJqi4u.2","action":"ProcessGetUpdates", "result":"Done", "context":{"dataType":"History", "deleted":"0", "process_failed_to_decrypt":"0", "process_pending_decryption":"0", "process_success":"12", "total":"12"}}
{"logTime": "0520/042159", "correlationVector":"RLDBLZE17WDc3BhxWJqi4u.3","action":"GetUpdates Response", "result":"Success", "context":Received 12 update(s). cV=RLDBLZE17WDc3BhxWJqi4u.0;server=akswtt00400001o;cloudType=Consumer;environment=Prod_northcentralus_prod-s01-050-nam-northcentralus;migrationStage=NotStarted}
{"logTime": "0520/042159", "correlationVector":"dE0fOH137pw8AR+MlfFItx","action":"Normal GetUpdate request", "result":"", "context":cV=dE0fOH137pw8AR+MlfFItx
Nudged types: Sessions, Device Info, User Consents
Refresh requested types: Bookmarks, Preferences, Passwords, Autofill Profiles, Autofill, Extensions, Sessions, Extension settings, History Delete Directives, Device Info, User Consents, Send Tab To Self, Web Apps, History, Saved Tab Group, WebAuthn Credentials, Collection, Edge E Drop, Edge Hub App Usage, Edge Wallet, Edge Workspace, Encryption Keys}
{"logTime": "0520/042200", "correlationVector":"dE0fOH137pw8AR+MlfFItx.1","action":"SyncServerConnectionManagerRequest", "result":"SYNC_SERVER_OK", "context":{"environment":"Prod_northcentralus_prod-s01-050-nam-northcentralus", "migrationStage":"NotStarted", "server":"akswtt00400001l"}}
{"logTime": "0520/042200", "correlationVector":"dE0fOH137pw8AR+MlfFItx.2","action":"GetUpdates Response", "result":"Success", "context":Received 0 update(s). cV=dE0fOH137pw8AR+MlfFItx.0;server=akswtt00400001l;cloudType=Consumer;environment=Prod_northcentralus_prod-s01-050-nam-northcentralus;migrationStage=NotStarted}
{"logTime": "0520/042200", "correlationVector":"HtoFz+jX8+7rsr9ALXPoSI","action":"DoCompareDataConsistency requsted types: ", "result":"Bookmarks, Preferences, Passwords, Extensions, Extension settings, History Delete Directives, Send Tab To Self, Web Apps, History, Saved Tab Group, WebAuthn Credentials, Collection, Edge E Drop, Edge Wallet, Edge Workspace, Encryption Keys"}
{"logTime": "0520/042200", "correlationVector":"HtoFz+jX8+7rsr9ALXPoSI.0","action":"CompareDataConsistency result: ", "result":"Compare result: Encryption Keys is consistent. local entities count is: 1 local entities hash is: Mk3f9G61zob4AtQznuP0zgJ7PMk="}
{"logTime": "0520/042200", "correlationVector":"HtoFz+jX8+7rsr9ALXPoSI.1","action":"CompareDataConsistency result: ", "result":"Compare result: Bookmarks is consistent. local entities count is: 0 local entities hash is: "}
{"logTime": "0520/042200", "correlationVector":"HtoFz+jX8+7rsr9ALXPoSI.2","action":"CompareDataConsistency result: ", "result":"Compare result: Preferences is consistent. local entities count is: 60 local entities hash is: Fp5zCcUnViZjDyQ6Ti4EGMxnWB0="}
{"logTime": "0520/042200", "correlationVector":"HtoFz+jX8+7rsr9ALXPoSI.3","action":"CompareDataConsistency result: ", "result":"Compare result: Extensions is consistent. local entities count is: 1 local entities hash is: CGTYRLULByZAZbo4Q3NjUyEMv+U="}
{"logTime": "0520/042200", "correlationVector":"HtoFz+jX8+7rsr9ALXPoSI.4","action":"CompareDataConsistency result: ", "result":"Compare result: Extension settings is consistent. local entities count is: 0 local entities hash is: "}
{"logTime": "0520/042200", "correlationVector":"HtoFz+jX8+7rsr9ALXPoSI.5","action":"CompareDataConsistency result: ", "result":"Compare result: History Delete Directives is consistent. local entities count is: 0 local entities hash is: "}
{"logTime": "0520/042200", "correlationVector":"HtoFz+jX8+7rsr9ALXPoSI.6","action":"CompareDataConsistency result: ", "result":"Server did not send this Send Tab To Self local entities count is: 0 local entities hash is: "}
{"logTime": "0520/042200", "correlationVector":"HtoFz+jX8+7rsr9ALXPoSI.7","action":"CompareDataConsistency result: ", "result":"Compare result: Web Apps is consistent. local entities count is: 0 local entities hash is: "}
{"logTime": "0520/042200", "correlationVector":"HtoFz+jX8+7rsr9ALXPoSI.8","action":"CompareDataConsistency result: ", "result":"Server did not send this History local entities count is: 0 local entities hash is: "}
{"logTime": "0520/042200", "correlationVector":"HtoFz+jX8+7rsr9ALXPoSI.9","action":"CompareDataConsistency result: ", "result":"Compare result: Saved Tab Group is consistent. local entities count is: 0 local entities hash is: "}
{"logTime": "0520/042200", "correlationVector":"HtoFz+jX8+7rsr9ALXPoSI.10","action":"CompareDataConsistency result: ", "result":"Server did not send this WebAuthn Credentials local entities count is: 0 local entities hash is: "}
{"logTime": "0520/042200", "correlationVector":"HtoFz+jX8+7rsr9ALXPoSI.11","action":"CompareDataConsistency result: ", "result":"Compare result: Collection is consistent. local entities count is: 0 local entities hash is: "}
{"logTime": "0520/042200", "correlationVector":"HtoFz+jX8+7rsr9ALXPoSI.12","action":"CompareDataConsistency result: ", "result":"Compare result: Edge E Drop is consistent. local entities count is: 0 local entities hash is: "}
{"logTime": "0520/042200", "correlationVector":"HtoFz+jX8+7rsr9ALXPoSI.13","action":"CompareDataConsistency result: ", "result":"Compare result: Edge Wallet is consistent. local entities count is: 0 local entities hash is: "}
{"logTime": "0520/042200", "correlationVector":"HtoFz+jX8+7rsr9ALXPoSI.14","action":"CompareDataConsistency result: ", "result":"Server did not send this Edge Workspace local entities count is: 0 local entities hash is: "}
{"logTime": "0520/042200", "correlationVector":"HtoFz+jX8+7rsr9ALXPoSI.15","action":"CompareDataConsistency result: ", "result":"Compare result: Passwords is consistent. local entities count is: 1 local entities hash is: aCO/0pyPnu901/Lls23/DqNKIXc="}
{"logTime": "0520/042200", "correlationVector":"03nh+7FvO5zN58Ja/3mOmj","action":"Commit Request", "result":"", "context":Item count: 4
Contributing types: Sessions, Device Info, User Consents}
{"logTime": "0520/042200", "correlationVector":"03nh+7FvO5zN58Ja/3mOmj.1","action":"SyncServerConnectionManagerRequest", "result":"SYNC_SERVER_OK", "context":{"environment":"Prod_northcentralus_prod-s01-050-nam-northcentralus", "migrationStage":"NotStarted", "server":"akswtt00400001j"}}
{"logTime": "0520/042200", "correlationVector":"03nh+7FvO5zN58Ja/3mOmj.2","action":"Commit Response", "result":"Success", "context":Result: Success. cV=03nh+7FvO5zN58Ja/3mOmj.0;server=akswtt00400001j;cloudType=Consumer;environment=Prod_northcentralus_prod-s01-050-nam-northcentralus;migrationStage=NotStarted}
{"logTime": "0520/042200", "correlationVector":"","action":"DIAGNOSTIC_REQUEST|v1/diagnosticData/Diagnostic.SendCheckResult()|SUCCESS", "result":""}
