{"logTime": "0520/123951", "correlationVector":"sio9ph1xuGBgoYCRvONARX.1","action":"SyncServerConnectionManagerRequest", "result":"SYNC_SERVER_OK", "context":{"environment":"Prod_northcentralus_prod-s01-050-nam-northcentralus", "migrationStage":"NotStarted", "server":"akswtt00400001p"}}
{"logTime": "0520/123951", "correlationVector":"sio9ph1xuGBgoYCRvONARX.2","action":"ProcessGetUpdates", "result":"Done", "context":{"dataType":"Encryption Keys", "deleted":"0", "process_failed_to_decrypt":"0", "process_pending_decryption":"0", "process_success":"1", "total":"1"}}
{"logTime": "0520/123951", "correlationVector":"UAZROoSjtoMh6gZXAURYKh","action":"SyncServerConnectionManagerRequest", "result":"SYNC_SERVER_OK", "context":{"environment":"", "migrationStage":"", "server":""}}
{"logTime": "0520/123951", "correlationVector":"UAZROoSjtoMh6gZXAURYKh.0","action":"EncryptionKeysFetcher.DownloadKeys:", "result":"Success", "context":Key count: 3, Last key timestamp: 2026-03-12T18:39:28Z}
{"logTime": "0520/123951", "correlationVector":"UAZROoSjtoMh6gZXAURYKh.1","action":"EncryptionKeysManager::SetEncryptionKeys:", "result":"Success", "context":Key names[3]:[y4LLCN2/MFeDf2QS5LtrUpkpRCXzQ0ZR95MPTEjdJEiyfGeNEtCrQO+/JoOBxxwFdlncEpd/x9HAPdZ6qMiQ8g==][jj2KSGKg3B0n+LnHltr5vIR3UzV7j0Dh/hfQZE1l44+H9AE0yeHG6b5dXUAAIbxYzjFuR+o5Mx/I4hMYI9+fZw==][RxFoP+YFmCOk9dbd669UBKu7sAScJVfpnOnhWYHRv3JbZE+tvjx2PBrKBk9qYXYpTOnpeQCOKXKy1LU6it71OQ==]}
{"logTime": "0520/123951", "correlationVector":"UAZROoSjtoMh6gZXAURYKh.2","action":"EncryptionKeysManager::SetEncryptionKeysWithTimestamps:", "result":"Success", "context":Key timestamps[3]:[2024-12-15T03:24:17Z][2025-07-01T16:05:14Z][2026-03-12T18:39:28Z]}
{"logTime": "0520/123951", "correlationVector":"sio9ph1xuGBgoYCRvONARX","action":"Initial GetUpdates", "result":"", "context":Reason: NEW_CLIENT. cV=sio9ph1xuGBgoYCRvONARX}
{"logTime": "0520/123951", "correlationVector":"sio9ph1xuGBgoYCRvONARX.3","action":"GetUpdates Response", "result":"Success", "context":Received 1 update(s). cV=sio9ph1xuGBgoYCRvONARX.0;server=akswtt00400001p;cloudType=Consumer;environment=Prod_northcentralus_prod-s01-050-nam-northcentralus;migrationStage=NotStarted}
{"logTime": "0520/123951", "correlationVector":"lsrtNi2w02q4tuxeJwHCP8","action":"Initial GetUpdates", "result":"", "context":Reason: NEWLY_SUPPORTED_DATATYPE. cV=lsrtNi2w02q4tuxeJwHCP8}
{"logTime": "0520/123951", "correlationVector":"lsrtNi2w02q4tuxeJwHCP8.1","action":"SyncServerConnectionManagerRequest", "result":"SYNC_SERVER_OK", "context":{"environment":"Prod_northcentralus_prod-s01-050-nam-northcentralus", "migrationStage":"NotStarted", "server":"akswtt004000017"}}
{"logTime": "0520/123951", "correlationVector":"lsrtNi2w02q4tuxeJwHCP8.2","action":"ProcessGetUpdates", "result":"Done", "context":{"dataType":"Preferences", "deleted":"0", "process_failed_to_decrypt":"0", "process_pending_decryption":"0", "process_success":"60", "total":"60"}}
{"logTime": "0520/123951", "correlationVector":"lsrtNi2w02q4tuxeJwHCP8.3","action":"ProcessGetUpdates", "result":"Done", "context":{"dataType":"Passwords", "deleted":"8", "process_failed_to_decrypt":"0", "process_pending_decryption":"0", "process_success":"9", "total":"9"}}
{"logTime": "0520/123951", "correlationVector":"lsrtNi2w02q4tuxeJwHCP8.4","action":"ProcessGetUpdates", "result":"Done", "context":{"dataType":"Device Info", "deleted":"0", "process_failed_to_decrypt":"0", "process_pending_decryption":"0", "process_success":"38", "total":"38"}}
{"logTime": "0520/123951", "correlationVector":"lsrtNi2w02q4tuxeJwHCP8.5","action":"GetUpdates Response", "result":"Success", "context":Received 107 update(s). cV=lsrtNi2w02q4tuxeJwHCP8.0;server=akswtt004000017;cloudType=Consumer;environment=Prod_northcentralus_prod-s01-050-nam-northcentralus;migrationStage=NotStarted}
{"logTime": "0520/123951", "correlationVector":"jnl3rep3R3h9OCMwRBnMWZ","action":"Initial GetUpdates", "result":"", "context":Reason: NEWLY_SUPPORTED_DATATYPE. cV=jnl3rep3R3h9OCMwRBnMWZ}
{"logTime": "0520/123951", "correlationVector":"jnl3rep3R3h9OCMwRBnMWZ.1","action":"SyncServerConnectionManagerRequest", "result":"SYNC_SERVER_OK", "context":{"environment":"Prod_northcentralus_prod-s01-050-nam-northcentralus", "migrationStage":"NotStarted", "server":"akswtt00400001u"}}
{"logTime": "0520/123951", "correlationVector":"jnl3rep3R3h9OCMwRBnMWZ.2","action":"ProcessGetUpdates", "result":"Done", "context":{"dataType":"Bookmarks", "deleted":"0", "process_failed_to_decrypt":"0", "process_pending_decryption":"0", "process_success":"6", "total":"6"}}
{"logTime": "0520/123951", "correlationVector":"jnl3rep3R3h9OCMwRBnMWZ.3","action":"GetUpdates Response", "result":"Success", "context":Received 6 update(s). cV=jnl3rep3R3h9OCMwRBnMWZ.0;server=akswtt00400001u;cloudType=Consumer;environment=Prod_northcentralus_prod-s01-050-nam-northcentralus;migrationStage=NotStarted}
{"logTime": "0520/123952", "correlationVector":"o6Gj0pRtYRSmYLfawgbT+6","action":"Initial GetUpdates", "result":"", "context":Reason: NEWLY_SUPPORTED_DATATYPE. cV=o6Gj0pRtYRSmYLfawgbT+6}
{"logTime": "0520/123953", "correlationVector":"o6Gj0pRtYRSmYLfawgbT+6.1","action":"SyncServerConnectionManagerRequest", "result":"SYNC_SERVER_OK", "context":{"environment":"Prod_northcentralus_prod-s01-050-nam-northcentralus", "migrationStage":"NotStarted", "server":"akswtt00400001g"}}
{"logTime": "0520/123953", "correlationVector":"o6Gj0pRtYRSmYLfawgbT+6.2","action":"ProcessGetUpdates", "result":"Done", "context":{"dataType":"Autofill Profiles", "deleted":"0", "process_failed_to_decrypt":"0", "process_pending_decryption":"0", "process_success":"2", "total":"2"}}
{"logTime": "0520/123953", "correlationVector":"o6Gj0pRtYRSmYLfawgbT+6.3","action":"ProcessGetUpdates", "result":"Done", "context":{"dataType":"Autofill", "deleted":"0", "process_failed_to_decrypt":"0", "process_pending_decryption":"0", "process_success":"11", "total":"11"}}
{"logTime": "0520/123953", "correlationVector":"o6Gj0pRtYRSmYLfawgbT+6.4","action":"ProcessGetUpdates", "result":"Done", "context":{"dataType":"Extensions", "deleted":"0", "process_failed_to_decrypt":"0", "process_pending_decryption":"0", "process_success":"1", "total":"1"}}
{"logTime": "0520/123953", "correlationVector":"o6Gj0pRtYRSmYLfawgbT+6.5","action":"ProcessGetUpdates", "result":"Done", "context":{"dataType":"Sessions", "deleted":"0", "process_failed_to_decrypt":"0", "process_pending_decryption":"0", "process_success":"81", "total":"81"}}
{"logTime": "0520/123953", "correlationVector":"o6Gj0pRtYRSmYLfawgbT+6.6","action":"ProcessGetUpdates", "result":"Done", "context":{"dataType":"Edge Hub App Usage", "deleted":"0", "process_failed_to_decrypt":"0", "process_pending_decryption":"0", "process_success":"1", "total":"1"}}
{"logTime": "0520/123953", "correlationVector":"o6Gj0pRtYRSmYLfawgbT+6.7","action":"GetUpdates Response", "result":"Success", "context":Received 96 update(s). cV=o6Gj0pRtYRSmYLfawgbT+6.0;server=akswtt00400001g;cloudType=Consumer;environment=Prod_northcentralus_prod-s01-050-nam-northcentralus;migrationStage=NotStarted}
{"logTime": "0520/123953", "correlationVector":"5eshhEumEePRAldhKVsrFa","action":"Initial GetUpdates", "result":"", "context":Reason: NEWLY_SUPPORTED_DATATYPE. cV=5eshhEumEePRAldhKVsrFa}
{"logTime": "0520/123953", "correlationVector":"5eshhEumEePRAldhKVsrFa.1","action":"SyncServerConnectionManagerRequest", "result":"SYNC_SERVER_OK", "context":{"environment":"Prod_centralus_prod-s01-068-nam-centralus", "migrationStage":"NotStarted", "server":"akswtt00400002g"}}
{"logTime": "0520/123953", "correlationVector":"5eshhEumEePRAldhKVsrFa.2","action":"ProcessGetUpdates", "result":"Done", "context":{"dataType":"History", "deleted":"0", "process_failed_to_decrypt":"0", "process_pending_decryption":"0", "process_success":"12", "total":"12"}}
{"logTime": "0520/123953", "correlationVector":"5eshhEumEePRAldhKVsrFa.3","action":"GetUpdates Response", "result":"Success", "context":Received 12 update(s). cV=5eshhEumEePRAldhKVsrFa.0;server=akswtt00400002g;cloudType=Consumer;environment=Prod_centralus_prod-s01-068-nam-centralus;migrationStage=NotStarted}
{"logTime": "0520/123953", "correlationVector":"Je+MFPQUGni5X5qHRA1FlA","action":"Normal GetUpdate request", "result":"", "context":cV=Je+MFPQUGni5X5qHRA1FlA
Nudged types: Sessions, Device Info, User Consents
Refresh requested types: Bookmarks, Preferences, Passwords, Autofill Profiles, Autofill, Extensions, Sessions, Extension settings, History Delete Directives, Device Info, User Consents, Send Tab To Self, Web Apps, History, Saved Tab Group, WebAuthn Credentials, Collection, Edge E Drop, Edge Hub App Usage, Edge Wallet, Edge Workspace, Encryption Keys}
{"logTime": "0520/123953", "correlationVector":"Je+MFPQUGni5X5qHRA1FlA.1","action":"SyncServerConnectionManagerRequest", "result":"SYNC_SERVER_OK", "context":{"environment":"Prod_northcentralus_prod-s01-050-nam-northcentralus", "migrationStage":"NotStarted", "server":"akswtt00400001r"}}
{"logTime": "0520/123953", "correlationVector":"Je+MFPQUGni5X5qHRA1FlA.2","action":"GetUpdates Response", "result":"Success", "context":Received 0 update(s). cV=Je+MFPQUGni5X5qHRA1FlA.0;server=akswtt00400001r;cloudType=Consumer;environment=Prod_northcentralus_prod-s01-050-nam-northcentralus;migrationStage=NotStarted}
{"logTime": "0520/123953", "correlationVector":"FuOUYjtq6Vn65sqAPdQdBH","action":"DoCompareDataConsistency requsted types: ", "result":"Bookmarks, Preferences, Passwords, Extensions, Extension settings, History Delete Directives, Send Tab To Self, Web Apps, History, Saved Tab Group, WebAuthn Credentials, Collection, Edge E Drop, Edge Wallet, Edge Workspace, Encryption Keys"}
{"logTime": "0520/123953", "correlationVector":"FuOUYjtq6Vn65sqAPdQdBH.0","action":"CompareDataConsistency result: ", "result":"Compare result: Encryption Keys is consistent. local entities count is: 1 local entities hash is: Mk3f9G61zob4AtQznuP0zgJ7PMk="}
{"logTime": "0520/123953", "correlationVector":"FuOUYjtq6Vn65sqAPdQdBH.1","action":"CompareDataConsistency result: ", "result":"Compare result: Bookmarks is consistent. local entities count is: 0 local entities hash is: "}
{"logTime": "0520/123953", "correlationVector":"FuOUYjtq6Vn65sqAPdQdBH.2","action":"CompareDataConsistency result: ", "result":"Compare result: Preferences is consistent. local entities count is: 60 local entities hash is: Fp5zCcUnViZjDyQ6Ti4EGMxnWB0="}
{"logTime": "0520/123953", "correlationVector":"FuOUYjtq6Vn65sqAPdQdBH.3","action":"CompareDataConsistency result: ", "result":"Compare result: Extensions is consistent. local entities count is: 1 local entities hash is: CGTYRLULByZAZbo4Q3NjUyEMv+U="}
{"logTime": "0520/123953", "correlationVector":"FuOUYjtq6Vn65sqAPdQdBH.4","action":"CompareDataConsistency result: ", "result":"Compare result: Extension settings is consistent. local entities count is: 0 local entities hash is: "}
{"logTime": "0520/123953", "correlationVector":"FuOUYjtq6Vn65sqAPdQdBH.5","action":"CompareDataConsistency result: ", "result":"Compare result: History Delete Directives is consistent. local entities count is: 0 local entities hash is: "}
{"logTime": "0520/123953", "correlationVector":"FuOUYjtq6Vn65sqAPdQdBH.6","action":"CompareDataConsistency result: ", "result":"Server did not send this Send Tab To Self local entities count is: 0 local entities hash is: "}
{"logTime": "0520/123953", "correlationVector":"FuOUYjtq6Vn65sqAPdQdBH.7","action":"CompareDataConsistency result: ", "result":"Compare result: Web Apps is consistent. local entities count is: 0 local entities hash is: "}
{"logTime": "0520/123953", "correlationVector":"FuOUYjtq6Vn65sqAPdQdBH.8","action":"CompareDataConsistency result: ", "result":"Server did not send this History local entities count is: 0 local entities hash is: "}
{"logTime": "0520/123953", "correlationVector":"FuOUYjtq6Vn65sqAPdQdBH.9","action":"CompareDataConsistency result: ", "result":"Compare result: Saved Tab Group is consistent. local entities count is: 0 local entities hash is: "}
{"logTime": "0520/123953", "correlationVector":"FuOUYjtq6Vn65sqAPdQdBH.10","action":"CompareDataConsistency result: ", "result":"Server did not send this WebAuthn Credentials local entities count is: 0 local entities hash is: "}
{"logTime": "0520/123953", "correlationVector":"FuOUYjtq6Vn65sqAPdQdBH.11","action":"CompareDataConsistency result: ", "result":"Compare result: Collection is consistent. local entities count is: 0 local entities hash is: "}
{"logTime": "0520/123953", "correlationVector":"FuOUYjtq6Vn65sqAPdQdBH.12","action":"CompareDataConsistency result: ", "result":"Compare result: Edge E Drop is consistent. local entities count is: 0 local entities hash is: "}
{"logTime": "0520/123953", "correlationVector":"FuOUYjtq6Vn65sqAPdQdBH.13","action":"CompareDataConsistency result: ", "result":"Compare result: Edge Wallet is consistent. local entities count is: 0 local entities hash is: "}
{"logTime": "0520/123953", "correlationVector":"FuOUYjtq6Vn65sqAPdQdBH.14","action":"CompareDataConsistency result: ", "result":"Server did not send this Edge Workspace local entities count is: 0 local entities hash is: "}
{"logTime": "0520/123953", "correlationVector":"FuOUYjtq6Vn65sqAPdQdBH.15","action":"CompareDataConsistency result: ", "result":"Compare result: Passwords is consistent. local entities count is: 1 local entities hash is: aCO/0pyPnu901/Lls23/DqNKIXc="}
{"logTime": "0520/123953", "correlationVector":"swp0A9a5RTz+LR2W3Jln9m","action":"Commit Request", "result":"", "context":Item count: 4
Contributing types: Sessions, Device Info, User Consents}
{"logTime": "0520/123953", "correlationVector":"swp0A9a5RTz+LR2W3Jln9m.1","action":"SyncServerConnectionManagerRequest", "result":"SYNC_SERVER_OK", "context":{"environment":"Prod_centralus_prod-s01-068-nam-centralus", "migrationStage":"NotStarted", "server":"akswtt00400002l"}}
{"logTime": "0520/123953", "correlationVector":"swp0A9a5RTz+LR2W3Jln9m.2","action":"Commit Response", "result":"Success", "context":Result: Success. cV=swp0A9a5RTz+LR2W3Jln9m.0;server=akswtt00400002l;cloudType=Consumer;environment=Prod_centralus_prod-s01-068-nam-centralus;migrationStage=NotStarted}
{"logTime": "0520/123954", "correlationVector":"","action":"DIAGNOSTIC_REQUEST|v1/diagnosticData/Diagnostic.SendCheckResult()|SUCCESS", "result":""}
